<?xml version="1.0" encoding="UTF-8"?>
<robot generator="Robot 3.1.2 (Python 3.7.1 on win32)" generated="20200309 21:45:49.161" rpa="false">
<suite id="s1" name="Pixyle">
<suite id="s1-s1" name="Account Settings" source="C:\workspace\Pixyle\Autobots\Authentication\Account_Settings.robot">
<test id="s1-s1-t1" name="Account Settings">
<kw name="Run Pixyle Automatic Tagging in web browser" library="Generic_Commands">
<kw name="Open Browser And Go To Login Page" library="Generic_Commands">
<kw name="Open Browser" library="SeleniumLibrary">
<doc>Opens a new browser instance to the optional ``url``.</doc>
<arguments>
<arg>${ServerName}</arg>
<arg>${Browser}</arg>
</arguments>
<msg timestamp="20200309 21:45:49.875" level="INFO">Opening browser 'headlesschrome' to base url 'http://autotagdemo.s3-website.eu-central-1.amazonaws.com/'.</msg>
<status status="PASS" starttime="20200309 21:45:49.875" endtime="20200309 21:45:59.139"></status>
</kw>
<kw name="Maximize Browser Window" library="SeleniumLibrary">
<doc>Maximizes current browser window.</doc>
<status status="PASS" starttime="20200309 21:45:59.139" endtime="20200309 21:46:03.328"></status>
</kw>
<kw name="Set Selenium Speed" library="SeleniumLibrary">
<doc>Sets the delay that is waited after each Selenium command.</doc>
<arguments>
<arg>0</arg>
</arguments>
<status status="PASS" starttime="20200309 21:46:03.329" endtime="20200309 21:46:03.329"></status>
</kw>
<status status="PASS" starttime="20200309 21:45:49.874" endtime="20200309 21:46:03.329"></status>
</kw>
<kw name="Wait for Ajax" library="Generic_Commands">
<kw name="Execute Javascript" library="SeleniumLibrary">
<doc>Executes the given JavaScript code with possible arguments.</doc>
<arguments>
<arg>"return jQuery.active == 0"</arg>
</arguments>
<msg timestamp="20200309 21:46:03.330" level="INFO">Executing JavaScript:
"return jQuery.active == 0"
Without any arguments.</msg>
<status status="PASS" starttime="20200309 21:46:03.329" endtime="20200309 21:46:03.335"></status>
</kw>
<kw name="Sleep" library="BuiltIn">
<doc>Pauses the test executed for the given time.</doc>
<arguments>
<arg>0.5</arg>
</arguments>
<msg timestamp="20200309 21:46:03.836" level="INFO">Slept 500 milliseconds</msg>
<status status="PASS" starttime="20200309 21:46:03.335" endtime="20200309 21:46:03.836"></status>
</kw>
<status status="PASS" starttime="20200309 21:46:03.329" endtime="20200309 21:46:03.836"></status>
</kw>
<status status="PASS" starttime="20200309 21:45:49.874" endtime="20200309 21:46:03.836"></status>
</kw>
<kw name="Pixyle Automatic Tagging landing page" library="Validations">
<kw name="Ensure that element is visible" library="Validations">
<arguments>
<arg>//p[.='Welcome to Pixyle.ai - Automatic Tagging']</arg>
</arguments>
<kw name="Wait Until Element Is Visible" library="SeleniumLibrary">
<doc>Waits until the element ``locator`` is visible.</doc>
<arguments>
<arg>${elementXpathIdentifier}</arg>
</arguments>
<status status="PASS" starttime="20200309 21:46:03.837" endtime="20200309 21:46:03.862"></status>
</kw>
<status status="PASS" starttime="20200309 21:46:03.837" endtime="20200309 21:46:03.862"></status>
</kw>
<kw name="Ensure that element is visible" library="Validations">
<arguments>
<arg>//label[@for='username'][.='Username']</arg>
</arguments>
<kw name="Wait Until Element Is Visible" library="SeleniumLibrary">
<doc>Waits until the element ``locator`` is visible.</doc>
<arguments>
<arg>${elementXpathIdentifier}</arg>
</arguments>
<status status="PASS" starttime="20200309 21:46:03.863" endtime="20200309 21:46:03.887"></status>
</kw>
<status status="PASS" starttime="20200309 21:46:03.862" endtime="20200309 21:46:03.887"></status>
</kw>
<kw name="Ensure that element is visible" library="Validations">
<arguments>
<arg>//label[@for='username']/..//input</arg>
</arguments>
<kw name="Wait Until Element Is Visible" library="SeleniumLibrary">
<doc>Waits until the element ``locator`` is visible.</doc>
<arguments>
<arg>${elementXpathIdentifier}</arg>
</arguments>
<status status="PASS" starttime="20200309 21:46:03.887" endtime="20200309 21:46:03.907"></status>
</kw>
<status status="PASS" starttime="20200309 21:46:03.887" endtime="20200309 21:46:03.907"></status>
</kw>
<kw name="Ensure that element is visible" library="Validations">
<arguments>
<arg>//label[@for='password'][.='Password']</arg>
</arguments>
<kw name="Wait Until Element Is Visible" library="SeleniumLibrary">
<doc>Waits until the element ``locator`` is visible.</doc>
<arguments>
<arg>${elementXpathIdentifier}</arg>
</arguments>
<status status="PASS" starttime="20200309 21:46:03.908" endtime="20200309 21:46:03.928"></status>
</kw>
<status status="PASS" starttime="20200309 21:46:03.907" endtime="20200309 21:46:03.928"></status>
</kw>
<kw name="Ensure that element is visible" library="Validations">
<arguments>
<arg>//label[@for='password']/..//input</arg>
</arguments>
<kw name="Wait Until Element Is Visible" library="SeleniumLibrary">
<doc>Waits until the element ``locator`` is visible.</doc>
<arguments>
<arg>${elementXpathIdentifier}</arg>
</arguments>
<status status="PASS" starttime="20200309 21:46:03.929" endtime="20200309 21:46:03.950"></status>
</kw>
<status status="PASS" starttime="20200309 21:46:03.928" endtime="20200309 21:46:03.950"></status>
</kw>
<kw name="Ensure that element is visible" library="Validations">
<arguments>
<arg>//button[@type='button'][.='Log me in']</arg>
</arguments>
<kw name="Wait Until Element Is Visible" library="SeleniumLibrary">
<doc>Waits until the element ``locator`` is visible.</doc>
<arguments>
<arg>${elementXpathIdentifier}</arg>
</arguments>
<kw name="Capture Page Screenshot" library="SeleniumLibrary">
<doc>Takes a screenshot of the current page and embeds it into a log file.</doc>
<msg timestamp="20200309 21:47:04.374" level="INFO" html="yes">&lt;/td&gt;&lt;/tr&gt;&lt;tr&gt;&lt;td colspan="3"&gt;&lt;a href="selenium-screenshot-1.png"&gt;&lt;img src="selenium-screenshot-1.png" width="800px"&gt;&lt;/a&gt;</msg>
<status status="PASS" starttime="20200309 21:47:04.135" endtime="20200309 21:47:04.374"></status>
</kw>
<msg timestamp="20200309 21:47:04.430" level="FAIL">Element '//button[@type='button'][.='Log me in']' not visible after 1 minute.</msg>
<status status="FAIL" starttime="20200309 21:46:03.950" endtime="20200309 21:47:04.430"></status>
</kw>
<status status="FAIL" starttime="20200309 21:46:03.950" endtime="20200309 21:47:04.430"></status>
</kw>
<status status="FAIL" starttime="20200309 21:46:03.836" endtime="20200309 21:47:04.431"></status>
</kw>
<tags>
<tag>Account</tag>
</tags>
<status status="FAIL" starttime="20200309 21:45:49.874" endtime="20200309 21:47:04.431" critical="yes">Element '//button[@type='button'][.='Log me in']' not visible after 1 minute.</status>
</test>
<test id="s1-s1-t2" name="Login with valid credentials">
<kw name="Login as [FrontEnd] with password [Frontend123#]" library="Generic_Commands">
<kw name="Input Text" library="SeleniumLibrary">
<doc>Types the given ``text`` into the text field identified by ``locator``.</doc>
<arguments>
<arg>//label[@for='username']/..//input</arg>
<arg>${USERNAME}</arg>
</arguments>
<msg timestamp="20200309 21:47:04.434" level="INFO">Typing text 'FrontEnd' into text field '//label[@for='username']/..//input'.</msg>
<status status="PASS" starttime="20200309 21:47:04.434" endtime="20200309 21:47:04.541"></status>
</kw>
<kw name="Input Text" library="SeleniumLibrary">
<doc>Types the given ``text`` into the text field identified by ``locator``.</doc>
<arguments>
<arg>//label[@for='password']/..//input</arg>
<arg>${PASSWORD}</arg>
</arguments>
<msg timestamp="20200309 21:47:04.542" level="INFO">Typing text 'Frontend123#' into text field '//label[@for='password']/..//input'.</msg>
<status status="PASS" starttime="20200309 21:47:04.541" endtime="20200309 21:47:04.652"></status>
</kw>
<kw name="Click Element" library="SeleniumLibrary">
<doc>Click the element identified by ``locator``.</doc>
<arguments>
<arg>//button[@type='button'][.='Log me in']