<?xml version="1.0" encoding="UTF-8"?>
<robot generator="Robot 3.1.2 (Python 3.7.1 on win32)" generated="20200304 15:30:03.046" rpa="false">
<suite id="s1" name="Autobots" source="C:\workspace\Pixyle\Autobots">
<suite id="s1-s1" name="Authentication" source="C:\workspace\Pixyle\Autobots\Authentication">
<suite id="s1-s1-s1" name="Account Settings" source="C:\workspace\Pixyle\Autobots\Authentication\Account_Settings.robot">
<test id="s1-s1-s1-t1" name="Account Settings">
<kw name="Run Pixyle Automatic Tagging in web browser" library="Generic_Commands">
<kw name="Open Browser And Go To Login Page" library="Generic_Commands">
<kw name="Open Browser" library="SeleniumLibrary">
<doc>Opens a new browser instance to the optional ``url``.</doc>
<arguments>
<arg>${ServerName}</arg>
<arg>${Browser}</arg>
</arguments>
<msg timestamp="20200304 15:30:03.867" level="INFO">Opening browser 'chrome' to base url 'http://autotagdemo.s3-website.eu-central-1.amazonaws.com/'.</msg>
<status status="PASS" starttime="20200304 15:30:03.866" endtime="20200304 15:30:15.362"></status>
</kw>
<kw name="Maximize Browser Window" library="SeleniumLibrary">
<doc>Maximizes current browser window.</doc>
<status status="PASS" starttime="20200304 15:30:15.362" endtime="20200304 15:30:19.751"></status>
</kw>
<kw name="Set Selenium Speed" library="SeleniumLibrary">
<doc>Sets the delay that is waited after each Selenium command.</doc>
<arguments>
<arg>0</arg>
</arguments>
<status status="PASS" starttime="20200304 15:30:19.752" endtime="20200304 15:30:19.753"></status>
</kw>
<status status="PASS" starttime="20200304 15:30:03.866" endtime="20200304 15:30:19.753"></status>
</kw>
<kw name="Wait for Ajax" library="Generic_Commands">
<kw name="Execute Javascript" library="SeleniumLibrary">
<doc>Executes the given JavaScript code with possible arguments.</doc>
<arguments>
<arg>"return jQuery.active == 0"</arg>
</arguments>
<msg timestamp="20200304 15:30:19.757" level="INFO">Executing JavaScript:
"return jQuery.active == 0"
Without any arguments.</msg>
<status status="PASS" starttime="20200304 15:30:19.755" endtime="20200304 15:30:19.764"></status>
</kw>
<kw name="Sleep" library="BuiltIn">
<doc>Pauses the test executed for the given time.</doc>
<arguments>
<arg>0.5</arg>
</arguments>
<msg timestamp="20200304 15:30:20.266" level="INFO">Slept 500 milliseconds</msg>
<status status="PASS" starttime="20200304 15:30:19.764" endtime="20200304 15:30:20.266"></status>
</kw>
<status status="PASS" starttime="20200304 15:30:19.754" endtime="20200304 15:30:20.266"></status>
</kw>
<status status="PASS" starttime="20200304 15:30:03.866" endtime="20200304 15:30:20.266"></status>
</kw>
<kw name="Pixyle Automatic Tagging landing page" library="Validations">
<kw name="Ensure that element is visible" library="Validations">
<arguments>
<arg>//p[.='Welcome to Pixyle.ai - Automatic Tagging']</arg>
</arguments>
<kw name="Wait Until Element Is Visible" library="SeleniumLibrary">
<doc>Waits until the element ``locator`` is visible.</doc>
<arguments>
<arg>${elementXpathIdentifier}</arg>
</arguments>
<status status="PASS" starttime="20200304 15:30:20.267" endtime="20200304 15:30:20.395"></status>
</kw>
<status status="PASS" starttime="20200304 15:30:20.267" endtime="20200304 15:30:20.395"></status>
</kw>
<kw name="Ensure that element is visible" library="Validations">
<arguments>
<arg>//label[@for='username'][.='Username']</arg>
</arguments>
<kw name="Wait Until Element Is Visible" library="SeleniumLibrary">
<doc>Waits until the element ``locator`` is visible.</doc>
<arguments>
<arg>${elementXpathIdentifier}</arg>
</arguments>
<status status="PASS" starttime="20200304 15:30:20.395" endtime="20200304 15:30:20.419"></status>
</kw>
<status status="PASS" starttime="20200304 15:30:20.395" endtime="20200304 15:30:20.419"></status>
</kw>
<kw name="Ensure that element is visible" library="Validations">
<arguments>
<arg>//label[@for='username']/..//input</arg>
</arguments>
<kw name="Wait Until Element Is Visible" library="SeleniumLibrary">
<doc>Waits until the element ``locator`` is visible.</doc>
<arguments>
<arg>${elementXpathIdentifier}</arg>
</arguments>
<status status="PASS" starttime="20200304 15:30:20.419" endtime="20200304 15:30:20.440"></status>
</kw>
<status status="PASS" starttime="20200304 15:30:20.419" endtime="20200304 15:30:20.440"></status>
</kw>
<kw name="Ensure that element is visible" library="Validations">
<arguments>
<arg>//label[@for='password'][.='Password']</arg>
</arguments>
<kw name="Wait Until Element Is Visible" library="SeleniumLibrary">
<doc>Waits until the element ``locator`` is visible.</doc>
<arguments>
<arg>${elementXpathIdentifier}</arg>
</arguments>
<status status="PASS" starttime="20200304 15:30:20.441" endtime="20200304 15:30:20.460"></status>
</kw>
<status status="PASS" starttime="20200304 15:30:20.440" endtime="20200304 15:30:20.461"></status>
</kw>
<kw name="Ensure that element is visible" library="Validations">
<arguments>
<arg>//label[@for='password']/..//input</arg>
</arguments>
<kw name="Wait Until Element Is Visible" library="SeleniumLibrary">
<doc>Waits until the element ``locator`` is visible.</doc>
<arguments>
<arg>${elementXpathIdentifier}</arg>
</arguments>
<status status="PASS" starttime="20200304 15:30:20.461" endtime="20200304 15:30:20.481"></status>
</kw>
<status status="PASS" starttime="20200304 15:30:20.461" endtime="20200304 15:30:20.481"></status>
</kw>
<kw name="Ensure that element is visible" library="Validations">
<arguments>
<arg>//button[@type='button'][.='Log me in']</arg>
</arguments>
<kw name="Wait Until Element Is Visible" library="SeleniumLibrary">
<doc>Waits until the element ``locator`` is visible.</doc>
<arguments>
<arg>${elementXpathIdentifier}</arg>
</arguments>
<status status="PASS" starttime="20200304 15:30:20.481" endtime="20200304 15:30:20.501"></status>
</kw>
<status status="PASS" starttime="20200304 15:30:20.481" endtime="20200304 15:30:20.501"></status>
</kw>
<status status="PASS" starttime="20200304 15:30:20.267" endtime="20200304 15:30:20.501"></status>
</kw>
<tags>
<tag>Account</tag>
</tags>
<status status="PASS" starttime="20200304 15:30:03.865" endtime="20200304 15:30:20.501" critical="yes"></status>
</test>
<test id="s1-s1-s1-t2" name="Login with valid credentials">
<kw name="Login as [FrontEnd] with password [Frontend123#]" library="Generic_Commands">
<kw name="Input Text" library="SeleniumLibrary">
<doc>Types the given ``text`` into the text field identified by ``locator``.</doc>
<arguments>
<arg>//label[@for='username']/..//input</arg>
<arg>${USERNAME}</arg>
</arguments>
<msg timestamp="20200304 15:30:20.504" level="INFO">Typing text 'FrontEnd' into text field '//label[@for='username']/..//input'.</msg>
<status status="PASS" starttime="20200304 15:30:20.503" endtime="20200304 15:30:20.668"></status>
</kw>
<kw name="Input Text" library="SeleniumLibrary">
<doc>Types the given ``text`` into the text field identified by ``locator``.</doc>
<arguments>
<arg>//label[@for='password']/..//input</arg>
<arg>${PASSWORD}</arg>
</arguments>
<msg timestamp="20200304 15:30:20.668" level="INFO">Typing text 'Frontend123#' into text field '//label[@for='password']/..//input'.</msg>
<status status="PASS" starttime="20200304 15:30:20.668" endtime="20200304 15:30:20.778"></status>
</kw>
<kw name="Click Element" library="SeleniumLibrary">
<doc>Click the element identified by ``locator``.</doc>
<arguments>
<arg>//button[@type='button'][.='Log me in']</arg>
</arguments>
<msg timestamp="20200304 15:30:20.778" level="INFO">Clicking element '//button[@type='button'][.='Log me in']'.</msg>
<status status="PASS" starttime="20200304 15:30:20.778" endtime="20200304 15:30:20.848"></status>
</kw>
<kw name="Wait for Ajax" library="Generic_Commands">
<kw name="Execute Javascript" library="SeleniumLibrary">
<doc>Executes the given JavaScript code with possible arguments.</doc>
<arguments>
<arg>"return jQuery.active == 0"</arg>
</arguments>
<msg timestamp="20200304 15:30:20.849" level="INFO">Executing JavaScript:
"return jQuery.active == 0"
Without any arguments.</msg>
<status status="PASS" starttime="20200304 15:30:20.848" endtime="20200304 15:30:20.853"></status>
</kw>
<kw name="Sleep" library="BuiltIn">
<doc>Pauses the test executed for the given time.</doc>
<arguments>
<arg>0.5</arg>
</arguments>
<msg timestamp="20200304 15:30:21.354" level="INFO">Slept 500 milliseconds</msg>
<status status="PASS" starttime="20200304 15:30:20.853" endtime="20200304 15:30:21.354"></status>
</kw>
<status status="PASS" starttime="20200304 15:30:20.848" endtime="20200304 15:30:21.354"></status>
</kw>
<status status="PASS" starttime="20200304 15:30:20.503" endtime="20200304 15:30:21.354"></status>
</kw>
<kw name="Left menu item [Account Settings] is available" library="Validations">
<kw name="Ensure that element is visible" library="Validations">
<arguments>
<arg>//button[.='${LMI}']</arg>
</arguments>
<kw name="Wait Until Element Is Visible" library="SeleniumLibrary">
<doc>Waits until the element ``locator`` is visible.</doc>
<arguments>
<arg>${elementXpathIdentifier}</arg>
</arguments>
<status status="PASS" starttime="20200304 15:30:21.355" endtime="20200304 15:30:22.170"></status>
</kw>
<status status="PASS" starttime="20200304 15:30:21.355" endtime="20200304 15:30:22.170"></status>
</kw>
<status status="PASS" starttime="20200304 15:30:21.355" endtime="20200304 15:30:22.170"></status>
</kw>
<status status="PASS" starttime="20200304 15:30:20.502" endtime="20200304 15:30:22.171" critical="yes"></status>
</test>
<test id="s1-s1-s1-t3" name="Select Account Settings">
<kw name="Click Element" library="SeleniumLibrary">
<doc>Click the element identified by ``locator``.</doc>
<arguments>
<arg>//button[.='Account Settings']</arg>
</arguments>
<msg timestamp="20200304 15:30:22.173" level="INFO">Clicking element '//button[.='Account Settings']'.</msg>
<status status="PASS" starttime="20200304 15:30:22.172" endtime="20200304 15:30:22.234"></status>
</kw>
<status status="PASS" starttime="20200304 15:30:22.172" endtime="20200304 15:30:22.235" critical="yes"></status>
</test>
<test id="s1-s1-s1-t4" name="Verify Account Settings Parmaeters">
<kw name="Ensure that element is visible" library="Validations">
<arguments>
<arg>//p[.='Username']</arg>
</arguments>
<kw name="Wait Until Element Is Visible" library="SeleniumLibrary">
<doc>Waits until the element ``locator`` is visible.</doc>
<arguments>
<arg>${elementXpathIdentifier}</arg>
</arguments>
<status status="PASS" starttime="20200304 15:30:22.237" endtime="20200304 15:30:22.884"></status>
</kw>
<status status="PASS" starttime="20200304 15:30:22.237" endtime="20200304 15:30:22.884"></status>
</kw>
<kw name="Ensure that element is visible" library="Validations">
<arguments>
<arg>//p[.='Username']/../..//p[contains(.,'FrontEnd')]</arg>
</arguments>
<kw name="Wait Until Element Is Visible" library="SeleniumLibrary">
<doc>Waits until the element ``locator`` is visible.</doc>
<arguments>
<arg>${elementXpathIdentifier}</arg>
</arguments>
<status status="PASS" starttime="20200304 15:30:22.885" endtime="20200304 15:30:22.908"></status>
</kw>
<status status="PASS" starttime="20200304 15:30:22.885" endtime="20200304 15:30:22.908"></status>
</kw>
<kw name="Ensure that element is visible" library="Validations">
<arguments>
<arg>//p[.='E-mail']</arg>
</arguments>
<kw name="Wait Until Element Is Visible" library="SeleniumLibrary">
<doc>Waits until the element ``locator`` is visible.</doc>
<arguments>
<arg>${elementXpathIdentifier}</arg>
</arguments>
<status status="PASS" starttime="20200304 15:30:22.909" endtime="20200304 15:30:22.928"></status>
</kw>
<status status="PASS" starttime="20200304 15:30:22.908" endtime="20200304 15:30:22.928"></status>
</kw>
<kw name="Ensure that element is visible" library="Validations">
<arguments>
<arg>//p[.='E-mail']/../..//p[contains(.,'frontend@pixyle.com')]</arg>
</arguments>
<kw name="Wait Until Element Is Visible" library="SeleniumLibrary">
<doc>Waits until the element ``locator`` is visible.</doc>
<arguments>
<arg>${elementXpathIdentifier}</arg>
</arguments>
<status status="PASS" starttime="20200304 15:30:22.929" endtime="20200304 15:30:22.948"></status>
</kw>
<status status="PASS" starttime="20200304 15:30:22.929" endtime="20200304 15:30:22.948"></status>
</kw>
<kw name="Ensure that element is visible" library="Validations">
<arguments>
<arg>//p[.='Company']</arg>
</arguments>
<kw name="Wait Until Element Is Visible" library="SeleniumLibrary">
<doc>Waits until the element ``locator`` is visible.</doc>
<arguments>
<arg>${elementXpathIdentifier}</arg>
</arguments>
<status status="PASS" starttime="20200304 15:30:22.949" endtime="20200304 15:30:22.969"></status>
</kw>
<status status="PASS" starttime="20200304 15:30:22.949" endtime="20200304 15:30:22.970"></status>
</kw>
<kw name="Ensure that element is visible" library="Validations">
<arguments>
<arg>//p[.='Business Model']</arg>
</arguments>
<kw name="Wait Until Element Is Visible" library="SeleniumLibrary">
<doc>Waits until the element ``locator`` is visible.</doc>
<arguments>
<arg>${elementXpathIdentifier}</arg>
</arguments>
<status status="PASS" starttime="20200304 15:30:22.970" endtime="20200304 15:30:22.990"></status>
</kw>
<status status="PASS" starttime="20200304 15:30:22.970" endtime="20200304 15:30:22.990"></status>
</kw>
<status status="PASS" starttime="20200304 15:30:22.236" endtime="20200304 15:30:22.991" critical="yes"></status>
</test>
<test id="s1-s1-s1-t5" name="Verify Change Password form">
<kw name="Ensure that element is visible" library="Validations">
<arguments>
<arg>//p[.='Change Password']</arg>
</arguments>
<kw name="Wait Until Element Is Visible" library="SeleniumLibrary">
<doc>Waits until the element ``locator`` is visible.</doc>
<arguments>
<arg>${elementXpathIdentifier}</arg>
</arguments>
<status status="PASS" starttime="20200304 15:30:22.992" endtime="20200304 15:30:23.011"></status>
</kw>
<status status="PASS" starttime="20200304 15:30:22.992" endtime="20200304 15:30:23.011"></status>
</kw>
<kw name="Ensure that element is visible" library="Validations">
<arguments>
<arg>//label[.='Old Password']/..//*[@id='oldPassword']</arg>
</arguments>
<kw name="Wait Until Element Is Visible" library="SeleniumLibrary">
<doc>Waits until the element ``locator`` is visible.</doc>
<arguments>
<arg>${elementXpathIdentifier}</arg>
</arguments>
<status status="PASS" starttime="20200304 15:30:23.012" endtime="20200304 15:30:23.033"></status>
</kw>
<status status="PASS" starttime="20200304 15:30:23.012" endtime="20200304 15:30:23.033"></status>
</kw>
<kw name="Ensure that element is visible" library="Validations">
<arguments>
<arg>//label[.='New Password']/..//*[@id='newPassword']</arg>
</arguments>
<kw name="Wait Until Element Is Visible" library="SeleniumLibrary">
<doc>Waits until the element ``locator`` is visible.</doc>
<arguments>
<arg>${elementXpathIdentifier}</arg>
</arguments>
<status status="PASS" starttime="20200304 15:30:23.034" endtime="20200304 15:30:23.054"></status>
</kw>
<status status="PASS" starttime="20200304 15:30:23.033" endtime="20200304 15:30:23.054"></status>
</kw>
<kw name="Ensure that element is visible" library="Validations">
<arguments>
<arg>//label[.='Repeat New Password']/..//*[@id='confirmNewPassword']</arg>
</arguments>
<kw name="Wait Until Element Is Visible" library="SeleniumLibrary">
<doc>Waits until the element ``locator`` is visible.</doc>
<arguments>
<arg>${elementXpathIdentifier}</arg>
</arguments>
<status status="PASS" starttime="20200304 15:30:23.055" endtime="20200304 15:30:23.074"></status>
</kw>
<status status="PASS" starttime="20200304 15:30:23.055" endtime="20200304 15:30:23.074"></status>
</kw>
<kw name="Ensure that element is visible" library="Validations">
<arguments>
<arg>//button[.='Change Password']</arg>
</arguments>
<kw name="Wait Until Element Is Visible" library="SeleniumLibrary">
<doc>Waits until the element ``locator`` is visible.</doc>
<arguments>
<arg>${elementXpathIdentifier}</arg>
</arguments>
<status status="PASS" starttime="20200304 15:30:23.075" endtime="20200304 15:30:23.097"></status>
</kw>
<status status="PASS" starttime="20200304 15:30:23.075" endtime="20200304 15:30:23.098"></status>
</kw>
<status status="PASS" starttime="20200304 15:30:22.992" endtime="20200304 15:30:23.098" critical="yes"></status>
</test>
<test id="s1-s1-s1-t6" name="Click on the Change Password button">
<kw name="Click Element" library="SeleniumLibrary">
<doc>Click the element identified by ``locator``.</doc>
<arguments>
<arg>//button[.='Change Password']</arg>
</arguments>
<msg timestamp="20200304 15:30:23.100" level="INFO">Clicking element '//button[.='Change Password']'.</msg>
<status status="PASS" starttime="20200304 15:30:23.100" endtime="20200304 15:30:23.148"></status>
</kw>
<status status="PASS" starttime="20200304 15:30:23.099" endtime="20200304 15:30:23.149" critical="yes"></status>
</test>
<test id="s1-s1-s1-t7" name="Wrong Old Password error message appears">
<kw name="Ensure that element is visible" library="Validations">
<arguments>
<arg>//label[.='Wrong old password']</arg>
</arguments>
<kw name="Wait Until Element Is Visible" library="SeleniumLibrary">
<doc>Waits until the element ``locator`` is visible.</doc>
<arguments>
<arg>${elementXpathIdentifier}</arg>
</arguments>
<status status="PASS" starttime="20200304 15:30:23.151" endtime="20200304 15:30:23.801"></status>
</kw>
<status status="PASS" starttime="20200304 15:30:23.150" endtime="20200304 15:30:23.801"></status>
</kw>
<status status="PASS" starttime="20200304 15:30:23.150" endtime="20200304 15:30:23.802" critical="yes"></status>
</test>
<test id="s1-s1-s1-t8" name="Reload page and verify that old password error message disapears">
<kw name="Reload Page" library="SeleniumLibrary">
<doc>Simulates user reloading page.</doc>
<status status="PASS" starttime="20200304 15:30:23.803" endtime="20200304 15:30:23.980"></status>
</kw>
<kw name="Wait for Ajax" library="Generic_Commands">
<kw name="Execute Javascript" library="SeleniumLibrary">
<doc>Executes the given JavaScript code with possible arguments.</doc>
<arguments>
<arg>"return jQuery.active == 0"</arg>
</arguments>
<msg timestamp="20200304 15:30:23.981" level="INFO">Executing JavaScript:
"return jQuery.active == 0"
Without any arguments.</msg>
<status status="PASS" starttime="20200304 15:30:23.980" endtime="20200304 15:30:23.987"></status>
</kw>
<kw name="Sleep" library="BuiltIn">
<doc>Pauses the test executed for the given time.</doc>
<arguments>
<arg>0.5</arg>
</arguments>
<msg timestamp="20200304 15:30:24.489" level="INFO">Slept 500 milliseconds</msg>
<status status="PASS" starttime="20200304 15:30:23.988" endtime="20200304 15:30:24.489"></status>
</kw>
<status status="PASS" starttime="20200304 15:30:23.980" endtime="20200304 15:30:24.489"></status>
</kw>
<kw name="Ensure that the element is not visible" library="Validations">
<arguments>
<arg>//label[.='Wrong old password']</arg>
</arguments>
<kw name="Page Should Not Contain Element" library="SeleniumLibrary">
<doc>Verifies that element ``locator`` is found on the current page.</doc>
<arguments>
<arg>${elementXpathIdentifier}</arg>
</arguments>
<msg timestamp="20200304 15:30:24.497" level="INFO">Current page does not contain element '//label[.='Wrong old password']'.</msg>
<status status="PASS" starttime="20200304 15:30:24.490" endtime="20200304 15:30:24.497"></status>
</kw>
<status status="PASS" starttime="20200304 15:30:24.490" endtime="20200304 15:30:24.497"></status>
</kw>
<status status="PASS" starttime="20200304 15:30:23.803" endtime="20200304 15:30:24.498" critical="yes"></status>
</test>
<test id="s1-s1-s1-t9" name="Type wrong old password and click on Change Password">
<kw name="Input Text" library="SeleniumLibrary">
<doc>Types the given ``text`` into the text field identified by ``locator``.</doc>
<arguments>
<arg>//label[.='Old Password']/..//*[@id='oldPassword']</arg>
<arg>WrongPass</arg>
</arguments>
<msg timestamp="20200304 15:30:24.500" level="INFO">Typing text 'WrongPass' into text field '//label[.='Old Password']/..//*[@id='oldPassword']'.</msg>
<status status="PASS" starttime="20200304 15:30:24.500" endtime="20200304 15:30:24.631"></status>
</kw>
<kw name="Click Element" library="SeleniumLibrary">
<doc>Click the element identified by ``locator``.</doc>
<arguments>
<arg>//button[.='Change Password']</arg>
</arguments>
<msg timestamp="20200304 15:30:24.631" level="INFO">Clicking element '//button[.='Change Password']'.</msg>
<status status="PASS" starttime="20200304 15:30:24.631" endtime="20200304 15:30:24.681"></status>
</kw>
<kw name="Ensure that element is visible" library="Validations">
<arguments>
<arg>//label[.='Wrong old password']</arg>
</arguments>
<kw name="Wait Until Element Is Visible" library="SeleniumLibrary">
<doc>Waits until the element ``locator`` is visible.</doc>
<arguments>
<arg>${elementXpathIdentifier}</arg>
</arguments>
<status status="PASS" starttime="20200304 15:30:24.682" endtime="20200304 15:30:25.330"></status>
</kw>
<status status="PASS" starttime="20200304 15:30:24.682" endtime="20200304 15:30:25.330"></status>
</kw>
<kw name="Reload Page" library="SeleniumLibrary">
<doc>Simulates user reloading page.</doc>
<status status="PASS" starttime="20200304 15:30:25.330" endtime="20200304 15:30:25.671"></status>
</kw>
<kw name="Wait for Ajax" library="Generic_Commands">
<kw name="Execute Javascript" library="SeleniumLibrary">
<doc>Executes the given JavaScript code with possible arguments.</doc>
<arguments>
<arg>"return jQuery.active == 0"</arg>
</arguments>
<msg timestamp="20200304 15:30:25.673" level="INFO">Executing JavaScript:
"return jQuery.active == 0"
Without any arguments.</msg>
<status status="PASS" starttime="20200304 15:30:25.672" endtime="20200304 15:30:25.678"></status>
</kw>
<kw name="Sleep" library="BuiltIn">
<doc>Pauses the test executed for the given time.</doc>
<arguments>
<arg>0.5</arg>
</arguments>
<msg timestamp="20200304 15:30:26.180" level="INFO">Slept 500 milliseconds</msg>
<status status="PASS" starttime="20200304 15:30:25.678" endtime="20200304 15:30:26.180"></status>
</kw>
<status status="PASS" starttime="20200304 15:30:25.672" endtime="20200304 15:30:26.180"></status>
</kw>
<status status="PASS" starttime="20200304 15:30:24.499" endtime="20200304 15:30:26.181" critical="yes"></status>
</test>
<test id="s1-s1-s1-t10" name="Type correct Old Password and click on Change Password">
<kw name="Ensure that element is visible" library="Validations">
<arguments>
<arg>//label[.='Old Password']/..//*[@id='oldPassword']</arg>
</arguments>
<kw name="Wait Until Element Is Visible" library="SeleniumLibrary">
<doc>Waits until the element ``locator`` is visible.</doc>
<arguments>
<arg>${elementXpathIdentifier}</arg>
</arguments>
<status status="PASS" starttime="20200304 15:30:26.183" endtime="20200304 15:30:26.228"></status>
</kw>
<status status="PASS" starttime="20200304 15:30:26.183" endtime="20200304 15:30:26.228"></status>
</kw>
<kw name="Ensure that element is visible" library="Validations">
<arguments>
<arg>//label[.='New Password']/..//*[@id='newPassword']</arg>
</arguments>
<kw name="Wait Until Element Is Visible" library="SeleniumLibrary">
<doc>Waits until the element ``locator`` is visible.</doc>
<arguments>
<arg>${elementXpathIdentifier}</arg>
</arguments>
<status status="PASS" starttime="20200304 15:30:26.229" endtime="20200304 15:30:26.246"></status>
</kw>
<status status="PASS" starttime="20200304 15:30:26.229" endtime="20200304 15:30:26.246"></status>
</kw>
<kw name="Ensure that element is visible" library="Validations">
<arguments>
<arg>//label[.='Repeat New Password']/..//*[@id='confirmNewPassword']</arg>
</arguments>
<kw name="Wait Until Element Is Visible" library="SeleniumLibrary">
<doc>Waits until the element ``locator`` is visible.</doc>
<arguments>
<arg>${elementXpathIdentifier}</arg>
</arguments>
<status status="PASS" starttime="20200304 15:30:26.247" endtime="20200304 15:30:26.263"></status>
</kw>
<status status="PASS" starttime="20200304 15:30:26.247" endtime="20200304 15:30:26.263"></status>
</kw>
<kw name="Input Text" library="SeleniumLibrary">
<doc>Types the given ``text`` into the text field identified by ``locator``.</doc>
<arguments>
<arg>//label[.='Old Password']/..//*[@id='oldPassword']</arg>
<arg>Frontend123#</arg>
</arguments>
<msg timestamp="20200304 15:30:26.276" level="INFO">Typing text 'Frontend123#' into text field '//label[.='Old Password']/..//*[@id='oldPassword']'.</msg>
<status status="PASS" starttime="20200304 15:30:26.264" endtime="20200304 15:30:26.407"></status>
</kw>
<kw name="Click Element" library="SeleniumLibrary">
<doc>Click the element identified by ``locator``.</doc>
<arguments>
<arg>//button[.='Change Password']</arg>
</arguments>
<msg timestamp="20200304 15:30:26.408" level="INFO">Clicking element '//button[.='Change Password']'.</msg>
<status status="PASS" starttime="20200304 15:30:26.408" endtime="20200304 15:30:26.464"></status>
</kw>
<status status="PASS" starttime="20200304 15:30:26.182" endtime="20200304 15:30:26.464" critical="yes"></status>
</test>
<test id="s1-s1-s1-t11" name="Password needs to be at least six characters error message appears">
<kw name="Ensure that element is visible" library="Validations">
<arguments>
<arg>//label[.='Password needs to be at least six characters']</arg>
</arguments>
<kw name="Wait Until Element Is Visible" library="SeleniumLibrary">
<doc>Waits until the element ``locator`` is visible.</doc>
<arguments>
<arg>${elementXpathIdentifier}</arg>
</arguments>
<status status="PASS" starttime="20200304 15:30:26.465" endtime="20200304 15:30:27.110"></status>
</kw>
<status status="PASS" starttime="20200304 15:30:26.465" endtime="20200304 15:30:27.110"></status>
</kw>
<status status="PASS" starttime="20200304 15:30:26.464" endtime="20200304 15:30:27.111" critical="yes"></status>
</test>
<test id="s1-s1-s1-t12" name="Type incorrect New Password">
<kw name="Input Text" library="SeleniumLibrary">
<doc>Types the given ``text`` into the text field identified by ``locator``.</doc>
<arguments>
<arg>//label[.='New Password']/..//*[@id='newPassword']</arg>
<arg>WrongNewPass</arg>
</arguments>
<msg timestamp="20200304 15:30:27.113" level="INFO">Typing text 'WrongNewPass' into text field '//label[.='New Password']/..//*[@id='newPassword']'.</msg>
<status status="PASS" starttime="20200304 15:30:27.113" endtime="20200304 15:30:27.248"></status>
</kw>
<kw name="Click Element" library="SeleniumLibrary">
<doc>Click the element identified by ``locator``.</doc>
<arguments>
<arg>//button[.='Change Password']</arg>
</arguments>
<msg timestamp="20200304 15:30:27.249" level="INFO">Clicking element '//button[.='Change Password']'.</msg>
<status status="PASS" starttime="20200304 15:30:27.249" endtime="20200304 15:30:27.295"></status>
</kw>
<status status="PASS" starttime="20200304 15:30:27.112" endtime="20200304 15:30:27.296" critical="yes"></status>
</test>
<test id="s1-s1-s1-t13" name="Passwords do not match error message appears">
<kw name="Ensure that element is visible" library="Validations">
<arguments>
<arg>//label[.='Passwords do not match!']</arg>
</arguments>
<kw name="Wait Until Element Is Visible" library="SeleniumLibrary">
<doc>Waits until the element ``locator`` is visible.</doc>
<arguments>
<arg>${elementXpathIdentifier}</arg>
</arguments>
<status status="PASS" starttime="20200304 15:30:27.297" endtime="20200304 15:30:27.317"></status>
</kw>
<status status="PASS" starttime="20200304 15:30:27.297" endtime="20200304 15:30:27.317"></status>
</kw>
<status status="PASS" starttime="20200304 15:30:27.296" endtime="20200304 15:30:27.317" critical="yes"></status>
</test>
<test id="s1-s1-s1-t14" name="Type correct New Password and incorrect Repeat New Password">
<kw name="Input Text" library="SeleniumLibrary">
<doc>Types the given ``text`` into the text field identified by ``locator``.</doc>
<arguments>
<arg>//label[.='New Password']/..//*[@id='newPassword']</arg>
<arg>m3ng3l3</arg>
</arguments>
<msg timestamp="20200304 15:30:27.322" level="INFO">Typing text 'm3ng3l3' into text field '//label[.='New Password']/..//*[@id='newPassword']'.</msg>
<status status="PASS" starttime="20200304 15:30:27.322" endtime="20200304 15:30:27.404"></status>
</kw>
<kw name="Input Text" library="SeleniumLibrary">
<doc>Types the given ``text`` into the text field identified by ``locator``.</doc>
<arguments>
<arg>//label[.='Repeat New Password']/..//*[@id='confirmNewPassword']</arg>
<arg>WrongNewPass</arg>
</arguments>
<msg timestamp="20200304 15:30:27.405" level="INFO">Typing text 'WrongNewPass' into text field '//label[.='Repeat New Password']/..//*[@id='confirmNewPassword']'.</msg>
<status status="PASS" starttime="20200304 15:30:27.405" endtime="20200304 15:30:27.519"></status>
</kw>
<status status="PASS" starttime="20200304 15:30:27.318" endtime="20200304 15:30:27.520" critical="yes"></status>
</test>
<test id="s1-s1-s1-t15" name="Passwords do not match appear again">
<kw name="Ensure that element is visible" library="Validations">
<arguments>
<arg>//label[.='Passwords do not match!']</arg>
</arguments>
<kw name="Wait Until Element Is Visible" library="SeleniumLibrary">
<doc>Waits until the element ``locator`` is visible.</doc>
<arguments>
<arg>${elementXpathIdentifier}</arg>
</arguments>
<status status="PASS" starttime="20200304 15:30:27.522" endtime="20200304 15:30:27.538"></status>
</kw>
<status status="PASS" starttime="20200304 15:30:27.521" endtime="20200304 15:30:27.538"></status>
</kw>
<status status="PASS" starttime="20200304 15:30:27.521" endtime="20200304 15:30:27.538" critical="yes"></status>
</test>
<test id="s1-s1-s1-t16" name="Log out">
<kw name="Log out current User" library="Generic_Commands">
<kw name="Ensure that element is visible" library="Validations">
<arguments>
<arg>//div[@role='listbox']</arg>
</arguments>
<kw name="Wait Until Element Is Visible" library="SeleniumLibrary">
<doc>Waits until the element ``locator`` is visible.</doc>
<arguments>
<arg>${elementXpathIdentifier}</arg>
</arguments>
<status status="PASS" starttime="20200304 15:30:27.541" endtime="20200304 15:30:27.560"></status>
</kw>
<status status="PASS" starttime="20200304 15:30:27.540" endtime="20200304 15:30:27.560"></status>
</kw>
<kw name="Click Element" library="SeleniumLibrary">
<doc>Click the element identified by ``locator``.</doc>
<arguments>
<arg>//div[@role='listbox']</arg>
</arguments>
<msg timestamp="20200304 15:30:27.560" level="INFO">Clicking element '//div[@role='listbox']'.</msg>
<status status="PASS" starttime="20200304 15:30:27.560" endtime="20200304 15:30:27.603"></status>
</kw>
<kw name="Ensure that element is visible" library="Validations">
<arguments>
<arg>//div[@role='listbox']//div[@role='option']//span[contains(.,'Log Out')]</arg>
</arguments>
<kw name="Wait Until Element Is Visible" library="SeleniumLibrary">
<doc>Waits until the element ``locator`` is visible.</doc>
<arguments>
<arg>${elementXpathIdentifier}</arg>
</arguments>
<status status="PASS" starttime="20200304 15:30:27.604" endtime="20200304 15:30:27.624"></status>
</kw>
<status status="PASS" starttime="20200304 15:30:27.604" endtime="20200304 15:30:27.624"></status>
</kw>
<kw name="Click Element" library="SeleniumLibrary">
<doc>Click the element identified by ``locator``.</doc>
<arguments>
<arg>//div[@role='listbox']//div[@role='option']//span[contains(.,'Log Out')]</arg>
</arguments>
<msg timestamp="20200304 15:30:27.625" level="INFO">Clicking element '//div[@role='listbox']//div[@role='option']//span[contains(.,'Log Out')]'.</msg>
<status status="PASS" starttime="20200304 15:30:27.625" endtime="20200304 15:30:27.677"></status>
</kw>
<kw name="Wait for Ajax" library="Generic_Commands">
<kw name="Execute Javascript" library="SeleniumLibrary">
<doc>Executes the given JavaScript code with possible arguments.</doc>
<arguments>
<arg>"return jQuery.active == 0"</arg>
</arguments>
<msg timestamp="20200304 15:30:27.678" level="INFO">Executing JavaScript:
"return jQuery.active == 0"
Without any arguments.</msg>
<status status="PASS" starttime="20200304 15:30:27.678" endtime="20200304 15:30:27.682"></status>
</kw>
<kw name="Sleep" library="BuiltIn">
<doc>Pauses the test executed for the given time.</doc>
<arguments>
<arg>0.5</arg>
</arguments>
<msg timestamp="20200304 15:30:28.184" level="INFO">Slept 500 milliseconds</msg>
<status status="PASS" starttime="20200304 15:30:27.682" endtime="20200304 15:30:28.184"></status>
</kw>
<status status="PASS" starttime="20200304 15:30:27.678" endtime="20200304 15:30:28.184"></status>
</kw>
<kw name="Pixyle Automatic Tagging landing page" library="Validations">
<kw name="Ensure that element is visible" library="Validations">
<arguments>
<arg>//p[.='Welcome to Pixyle.ai - Automatic Tagging']</arg>
</arguments>
<kw name="Wait Until Element Is Visible" library="SeleniumLibrary">
<doc>Waits until the element ``locator`` is visible.</doc>
<arguments>
<arg>${elementXpathIdentifier}</arg>
</arguments>
<status status="PASS" starttime="20200304 15:30:28.185" endtime="20200304 15:30:28.811"></status>
</kw>
<status status="PASS" starttime="20200304 15:30:28.184" endtime="20200304 15:30:28.811"></status>
</kw>
<kw name="Ensure that element is visible" library="Validations">
<arguments>
<arg>//label[@for='username'][.='Username']</arg>
</arguments>
<kw name="Wait Until Element Is Visible" library="SeleniumLibrary">
<doc>Waits until the element ``locator`` is visible.</doc>
<arguments>
<arg>${elementXpathIdentifier}</arg>
</arguments>
<status status="PASS" starttime="20200304 15:30:28.812" endtime="20200304 15:30:28.832"></status>
</kw>
<status status="PASS" starttime="20200304 15:30:28.811" endtime="20200304 15:30:28.832"></status>
</kw>
<kw name="Ensure that element is visible" library="Validations">
<arguments>
<arg>//label[@for='username']/..//input</arg>
</arguments>
<kw name="Wait Until Element Is Visible" library="SeleniumLibrary">
<doc>Waits until the element ``locator`` is visible.</doc>
<arguments>
<arg>${elementXpathIdentifier}</arg>
</arguments>
<status status="PASS" starttime="20200304 15:30:28.832" endtime="20200304 15:30:28.851"></status>
</kw>
<status status="PASS" starttime="20200304 15:30:28.832" endtime="20200304 15:30:28.852"></status>
</kw>
<kw name="Ensure that element is visible" library="Validations">
<arguments>
<arg>//label[@for='password'][.='Password']</arg>
</arguments>
<kw name="Wait Until Element Is Visible" library="SeleniumLibrary">
<doc>Waits until the element ``locator`` is visible.</doc>
<arguments>
<arg>${elementXpathIdentifier}</arg>
</arguments>
<status status="PASS" starttime="20200304 15:30:28.852" endtime="20200304 15:30:28.872"></status>
</kw>
<status status="PASS" starttime="20200304 15:30:28.852" endtime="20200304 15:30:28.872"></status>
</kw>
<kw name="Ensure that element is visible" library="Validations">
<arguments>
<arg>//label[@for='password']/..//input</arg>
</arguments>
<kw name="Wait Until Element Is Visible" library="SeleniumLibrary">
<doc>Waits until the element ``locator`` is visible.</doc>
<arguments>
<arg>${elementXpathIdentifier}</arg>
</arguments>
<status status="PASS" starttime="20200304 15:30:28.872" endtime="20200304 15:30:28.892"></status>
</kw>
<status status="PASS" starttime="20200304 15:30:28.872" endtime="20200304 15:30:28.892"></status>
</kw>
<kw name="Ensure that element is visible" library="Validations">
<arguments>
<arg>//button[@type='button'][.='Log me in']</arg>
</arguments>
<kw name="Wait Until Element Is Visible" library="SeleniumLibrary">
<doc>Waits until the element ``locator`` is visible.</doc>
<arguments>
<arg>${elementXpathIdentifier}</arg>
</arguments>
<status status="PASS" starttime="20200304 15:30:28.893" endtime="20200304 15:30:28.911"></status>
</kw>
<status status="PASS" starttime="20200304 15:30:28.892" endtime="20200304 15:30:28.911"></status>
</kw>
<status status="PASS" starttime="20200304 15:30:28.184" endtime="20200304 15:30:28.912"></status>
</kw>
<status status="PASS" starttime="20200304 15:30:27.540" endtime="20200304 15:30:28.912"></status>
</kw>
<kw name="Close all open browsers and clear cookies" library="Generic_Commands" type="teardown">
<kw name="Delete All Cookies" library="SeleniumLibrary">
<doc>Deletes all cookies.</doc>
<status status="PASS" starttime="20200304 15:30:28.913" endtime="20200304 15:30:28.937"></status>
</kw>
<kw name="Close All Browsers" library="SeleniumLibrary">
<doc>Closes all open browsers and resets the browser cache.</doc>
<status status="PASS" starttime="20200304 15:30:28.937" endtime="20200304 15:30:31.214"></status>
</kw>
<status status="PASS" starttime="20200304 15:30:28.912" endtime="20200304 15:30:31.214"></status>
</kw>
<status status="PASS" starttime="20200304 15:30:27.540" endtime="20200304 15:30:31.214" critical="yes"></status>
</test>
<status status="PASS" starttime="20200304 15:30:03.095" endtime="20200304 15:30:31.216"></status>
</suite>
<suite id="s1-s1-s2" name="Authentication" source="C:\workspace\Pixyle\Autobots\Authentication\Authentication.robot">
<test id="s1-s1-s2-t1" name="Automatic Tagging Landing Page">
<kw name="Run Pixyle Automatic Tagging in web browser" library="Generic_Commands">
<kw name="Open Browser And Go To Login Page" library="Generic_Commands">
<kw name="Open Browser" library="SeleniumLibrary">
<doc>Opens a new browser instance to the optional ``url``.</doc>
<arguments>
<arg>${ServerName}</arg>
<arg>${Browser}</arg>
</arguments>
<msg timestamp="20200304 15:30:31.237" level="INFO">Opening browser 'chrome' to base url 'http://autotagdemo.s3-website.eu-central-1.amazonaws.com/'.</msg>
<status status="PASS" starttime="20200304 15:30:31.236" endtime="20200304 15:30:38.773"></status>
</kw>
<kw name="Maximize Browser Window" library="SeleniumLibrary">
<doc>Maximizes current browser window.</doc>
<status status="PASS" starttime="20200304 15:30:38.773" endtime="20200304 15:30:43.324"></status>
</kw>
<kw name="Set Selenium Speed" library="SeleniumLibrary">
<doc>Sets the delay that is waited after each Selenium command.</doc>
<arguments>
<arg>0</arg>
</arguments>
<status status="PASS" starttime="20200304 15:30:43.324" endtime="20200304 15:30:43.324"></status>
</kw>
<status status="PASS" starttime="20200304 15:30:31.236" endtime="20200304 15:30:43.324"></status>
</kw>
<kw name="Wait for Ajax" library="Generic_Commands">
<kw name="Execute Javascript" library="SeleniumLibrary">
<doc>Executes the given JavaScript code with possible arguments.</doc>
<arguments>
<arg>"return jQuery.active == 0"</arg>
</arguments>
<msg timestamp="20200304 15:30:43.325" level="INFO">Executing JavaScript:
"return jQuery.active == 0"
Without any arguments.</msg>
<status status="PASS" starttime="20200304 15:30:43.325" endtime="20200304 15:30:43.365"></status>
</kw>
<kw name="Sleep" library="BuiltIn">
<doc>Pauses the test executed for the given time.</doc>
<arguments>
<arg>0.5</arg>
</arguments>
<msg timestamp="20200304 15:30:43.867" level="INFO">Slept 500 milliseconds</msg>
<status status="PASS" starttime="20200304 15:30:43.365" endtime="20200304 15:30:43.867"></status>
</kw>
<status status="PASS" starttime="20200304 15:30:43.324" endtime="20200304 15:30:43.867"></status>
</kw>
<status status="PASS" starttime="20200304 15:30:31.236" endtime="20200304 15:30:43.867"></status>
</kw>
<kw name="Pixyle Automatic Tagging landing page" library="Validations">
<kw name="Ensure that element is visible" library="Validations">
<arguments>
<arg>//p[.='Welcome to Pixyle.ai - Automatic Tagging']</arg>
</arguments>
<kw name="Wait Until Element Is Visible" library="SeleniumLibrary">
<doc>Waits until the element ``locator`` is visible.</doc>
<arguments>
<arg>${elementXpathIdentifier}</arg>
</arguments>
<status status="PASS" starttime="20200304 15:30:43.868" endtime="20200304 15:30:43.959"></status>
</kw>
<status status="PASS" starttime="20200304 15:30:43.868" endtime="20200304 15:30:43.959"></status>
</kw>
<kw name="Ensure that element is visible" library="Validations">
<arguments>
<arg>//label[@for='username'][.='Username']</arg>
</arguments>
<kw name="Wait Until Element Is Visible" library="SeleniumLibrary">
<doc>Waits until the element ``locator`` is visible.</doc>
<arguments>
<arg>${elementXpathIdentifier}</arg>
</arguments>
<status status="PASS" starttime="20200304 15:30:43.959" endtime="20200304 15:30:44.003"></status>
</kw>
<status status="PASS" starttime="20200304 15:30:43.959" endtime="20200304 15:30:44.003"></status>
</kw>
<kw name="Ensure that element is visible" library="Validations">
<arguments>
<arg>//label[@for='username']/..//input</arg>
</arguments>
<kw name="Wait Until Element Is Visible" library="SeleniumLibrary">
<doc>Waits until the element ``locator`` is visible.</doc>
<arguments>
<arg>${elementXpathIdentifier}</arg>
</arguments>
<status status="PASS" starttime="20200304 15:30:44.004" endtime="20200304 15:30:44.024"></status>
</kw>
<status status="PASS" starttime="20200304 15:30:44.003" endtime="20200304 15:30:44.024"></status>
</kw>
<kw name="Ensure that element is visible" library="Validations">
<arguments>
<arg>//label[@for='password'][.='Password']</arg>
</arguments>
<kw name="Wait Until Element Is Visible" library="SeleniumLibrary">
<doc>Waits until the element ``locator`` is visible.</doc>
<arguments>
<arg>${elementXpathIdentifier}</arg>
</arguments>
<status status="PASS" starttime="20200304 15:30:44.024" endtime="20200304 15:30:44.044"></status>
</kw>
<status status="PASS" starttime="20200304 15:30:44.024" endtime="20200304 15:30:44.044"></status>
</kw>
<kw name="Ensure that element is visible" library="Validations">
<arguments>
<arg>//label[@for='password']/..//input</arg>
</arguments>
<kw name="Wait Until Element Is Visible" library="SeleniumLibrary">
<doc>Waits until the element ``locator`` is visible.</doc>
<arguments>
<arg>${elementXpathIdentifier}</arg>
</arguments>
<status status="PASS" starttime="20200304 15:30:44.045" endtime="20200304 15:30:44.065"></status>
</kw>
<status status="PASS" starttime="20200304 15:30:44.044" endtime="20200304 15:30:44.065"></status>
</kw>
<kw name="Ensure that element is visible" library="Validations">
<arguments>
<arg>//button[@type='button'][.='Log me in']</arg>
</arguments>
<kw name="Wait Until Element Is Visible" library="SeleniumLibrary">
<doc>Waits until the element ``locator`` is visible.</doc>
<arguments>
<arg>${elementXpathIdentifier}</arg>
</arguments>
<status status="PASS" starttime="20200304 15:30:44.066" endtime="20200304 15:30:44.086"></status>
</kw>
<status status="PASS" starttime="20200304 15:30:44.065" endtime="20200304 15:30:44.086"></status>
</kw>
<status status="PASS" starttime="20200304 15:30:43.868" endtime="20200304 15:30:44.086"></status>
</kw>
<tags>
<tag>Authentication</tag>
</tags>
<status status="PASS" starttime="20200304 15:30:31.235" endtime="20200304 15:30:44.087" critical="yes"></status>
</test>
<test id="s1-s1-s2-t2" name="Login without username and password">
<kw name="Login as [${EMPTY}] with password [${EMPTY}]" library="Generic_Commands">
<kw name="Input Text" library="SeleniumLibrary">
<doc>Types the given ``text`` into the text field identified by ``locator``.</doc>
<arguments>
<arg>//label[@for='username']/..//input</arg>
<arg>${USERNAME}</arg>
</arguments>
<msg timestamp="20200304 15:30:44.089" level="INFO">Typing text '' into text field '//label[@for='username']/..//input'.</msg>
<status status="PASS" starttime="20200304 15:30:44.089" endtime="20200304 15:30:44.363"></status>
</kw>
<kw name="Input Text" library="SeleniumLibrary">
<doc>Types the given ``text`` into the text field identified by ``locator``.</doc>
<arguments>
<arg>//label[@for='password']/..//input</arg>
<arg>${PASSWORD}</arg>
</arguments>
<msg timestamp="20200304 15:30:44.364" level="INFO">Typing text '' into text field '//label[@for='password']/..//input'.</msg>
<status status="PASS" starttime="20200304 15:30:44.364" endtime="20200304 15:30:44.423"></status>
</kw>
<kw name="Click Element" library="SeleniumLibrary">
<doc>Click the element identified by ``locator``.</doc>
<arguments>
<arg>//button[@type='button'][.='Log me in']</arg>
</arguments>
<msg timestamp="20200304 15:30:44.423" level="INFO">Clicking element '//button[@type='button'][.='Log me in']'.</msg>
<status status="PASS" starttime="20200304 15:30:44.423" endtime="20200304 15:30:44.493"></status>
</kw>
<kw name="Wait for Ajax" library="Generic_Commands">
<kw name="Execute Javascript" library="SeleniumLibrary">
<doc>Executes the given JavaScript code with possible arguments.</doc>
<arguments>
<arg>"return jQuery.active == 0"</arg>
</arguments>
<msg timestamp="20200304 15:30:44.494" level="INFO">Executing JavaScript:
"return jQuery.active == 0"
Without any arguments.</msg>
<status status="PASS" starttime="20200304 15:30:44.493" endtime="20200304 15:30:44.498"></status>
</kw>
<kw name="Sleep" library="BuiltIn">
<doc>Pauses the test executed for the given time.</doc>
<arguments>
<arg>0.5</arg>
</arguments>
<msg timestamp="20200304 15:30:44.998" level="INFO">Slept 500 milliseconds</msg>
<status status="PASS" starttime="20200304 15:30:44.498" endtime="20200304 15:30:44.998"></status>
</kw>
<status status="PASS" starttime="20200304 15:30:44.493" endtime="20200304 15:30:44.998"></status>
</kw>
<status status="PASS" starttime="20200304 15:30:44.089" endtime="20200304 15:30:44.998"></status>
</kw>
<status status="PASS" starttime="20200304 15:30:44.088" endtime="20200304 15:30:44.998" critical="yes"></status>
</test>
<test id="s1-s1-s2-t3" name="Verify error message required username and password appears">
<kw name="Ensure that element is visible" library="Validations">
<arguments>
<arg>//div[@class='srv-validation-message'][.='The username field is required.']</arg>
</arguments>
<kw name="Wait Until Element Is Visible" library="SeleniumLibrary">
<doc>Waits until the element ``locator`` is visible.</doc>
<arguments>
<arg>${elementXpathIdentifier}</arg>
</arguments>
<status status="PASS" starttime="20200304 15:30:45.001" endtime="20200304 15:30:45.021"></status>
</kw>
<status status="PASS" starttime="20200304 15:30:45.001" endtime="20200304 15:30:45.022"></status>
</kw>
<kw name="Ensure that element is visible" library="Validations">
<arguments>
<arg>//div[@class='srv-validation-message'][.='The password field is required.']</arg>
</arguments>
<kw name="Wait Until Element Is Visible" library="SeleniumLibrary">
<doc>Waits until the element ``locator`` is visible.</doc>
<arguments>
<arg>${elementXpathIdentifier}</arg>
</arguments>
<status status="PASS" starttime="20200304 15:30:45.022" endtime="20200304 15:30:45.043"></status>
</kw>
<status status="PASS" starttime="20200304 15:30:45.022" endtime="20200304 15:30:45.043"></status>
</kw>
<status status="PASS" starttime="20200304 15:30:45.000" endtime="20200304 15:30:45.043" critical="yes"></status>
</test>
<test id="s1-s1-s2-t4" name="Login with non existing username and existing password">
<kw name="Login as [User123] with password [Frontend123#]" library="Generic_Commands">
<kw name="Input Text" library="SeleniumLibrary">
<doc>Types the given ``text`` into the text field identified by ``locator``.</doc>
<arguments>
<arg>//label[@for='username']/..//input</arg>
<arg>${USERNAME}</arg>
</arguments>
<msg timestamp="20200304 15:30:45.046" level="INFO">Typing text 'User123' into text field '//label[@for='username']/..//input'.</msg>
<status status="PASS" starttime="20200304 15:30:45.046" endtime="20200304 15:30:45.134"></status>
</kw>
<kw name="Input Text" library="SeleniumLibrary">
<doc>Types the given ``text`` into the text field identified by ``locator``.</doc>
<arguments>
<arg>//label[@for='password']/..//input</arg>
<arg>${PASSWORD}</arg>
</arguments>
<msg timestamp="20200304 15:30:45.134" level="INFO">Typing text 'Frontend123#' into text field '//label[@for='password']/..//input'.</msg>
<status status="PASS" starttime="20200304 15:30:45.134" endtime="20200304 15:30:45.237"></status>
</kw>
<kw name="Click Element" library="SeleniumLibrary">
<doc>Click the element identified by ``locator``.</doc>
<arguments>
<arg>//button[@type='button'][.='Log me in']</arg>
</arguments>
<msg timestamp="20200304 15:30:45.237" level="INFO">Clicking element '//button[@type='button'][.='Log me in']'.</msg>
<status status="PASS" starttime="20200304 15:30:45.237" endtime="20200304 15:30:45.274"></status>
</kw>
<kw name="Wait for Ajax" library="Generic_Commands">
<kw name="Execute Javascript" library="SeleniumLibrary">
<doc>Executes the given JavaScript code with possible arguments.</doc>
<arguments>
<arg>"return jQuery.active == 0"</arg>
</arguments>
<msg timestamp="20200304 15:30:45.275" level="INFO">Executing JavaScript:
"return jQuery.active == 0"
Without any arguments.</msg>
<status status="PASS" starttime="20200304 15:30:45.275" endtime="20200304 15:30:45.280"></status>
</kw>
<kw name="Sleep" library="BuiltIn">
<doc>Pauses the test executed for the given time.</doc>
<arguments>
<arg>0.5</arg>
</arguments>
<msg timestamp="20200304 15:30:45.780" level="INFO">Slept 500 milliseconds</msg>
<status status="PASS" starttime="20200304 15:30:45.280" endtime="20200304 15:30:45.780"></status>
</kw>
<status status="PASS" starttime="20200304 15:30:45.275" endtime="20200304 15:30:45.780"></status>
</kw>
<status status="PASS" starttime="20200304 15:30:45.045" endtime="20200304 15:30:45.780"></status>
</kw>
<status status="PASS" starttime="20200304 15:30:45.045" endtime="20200304 15:30:45.781" critical="yes"></status>
</test>
<test id="s1-s1-s2-t5" name="Verify dialog Username not found window appears">
<kw name="Ensure that element is visible" library="Validations">
<arguments>
<arg>//div[@class='modal-content']//h5[.='Username Not Found']</arg>
</arguments>
<kw name="Wait Until Element Is Visible" library="SeleniumLibrary">
<doc>Waits until the element ``locator`` is visible.</doc>
<arguments>
<arg>${elementXpathIdentifier}</arg>
</arguments>
<status status="PASS" starttime="20200304 15:30:45.783" endtime="20200304 15:30:46.014"></status>
</kw>
<status status="PASS" starttime="20200304 15:30:45.783" endtime="20200304 15:30:46.014"></status>
</kw>
<kw name="Ensure that element is visible" library="Validations">
<arguments>
<arg>//div[@class='modal-content']//button[.='OK']</arg>
</arguments>
<kw name="Wait Until Element Is Visible" library="SeleniumLibrary">
<doc>Waits until the element ``locator`` is visible.</doc>
<arguments>
<arg>${elementXpathIdentifier}</arg>
</arguments>
<status status="PASS" starttime="20200304 15:30:46.015" endtime="20200304 15:30:46.038"></status>
</kw>
<status status="PASS" starttime="20200304 15:30:46.014" endtime="20200304 15:30:46.038"></status>
</kw>
<kw name="Click Element" library="SeleniumLibrary">
<doc>Click the element identified by ``locator``.</doc>
<arguments>
<arg>//div[@class='modal-content']//button[.='OK']</arg>
</arguments>
<msg timestamp="20200304 15:30:46.039" level="INFO">Clicking element '//div[@class='modal-content']//button[.='OK']'.</msg>
<status status="PASS" starttime="20200304 15:30:46.039" endtime="20200304 15:30:46.090"></status>
</kw>
<kw name="Wait for Ajax" library="Generic_Commands">
<kw name="Execute Javascript" library="SeleniumLibrary">
<doc>Executes the given JavaScript code with possible arguments.</doc>
<arguments>
<arg>"return jQuery.active == 0"</arg>
</arguments>
<msg timestamp="20200304 15:30:46.092" level="INFO">Executing JavaScript:
"return jQuery.active == 0"
Without any arguments.</msg>
<status status="PASS" starttime="20200304 15:30:46.091" endtime="20200304 15:30:46.096"></status>
</kw>
<kw name="Sleep" library="BuiltIn">
<doc>Pauses the test executed for the given time.</doc>
<arguments>
<arg>0.5</arg>
</arguments>
<msg timestamp="20200304 15:30:46.598" level="INFO">Slept 500 milliseconds</msg>
<status status="PASS" starttime="20200304 15:30:46.096" endtime="20200304 15:30:46.598"></status>
</kw>
<status status="PASS" starttime="20200304 15:30:46.091" endtime="20200304 15:30:46.598"></status>
</kw>
<status status="PASS" starttime="20200304 15:30:45.782" endtime="20200304 15:30:46.599" critical="yes"></status>
</test>
<test id="s1-s1-s2-t6" name="Login with existing username and wrong password">
<kw name="Login as [FrontEnd] with password [WRONGPASS]" library="Generic_Commands">
<kw name="Input Text" library="SeleniumLibrary">
<doc>Types the given ``text`` into the text field identified by ``locator``.</doc>
<arguments>
<arg>//label[@for='username']/..//input</arg>
<arg>${USERNAME}</arg>
</arguments>
<msg timestamp="20200304 15:30:46.602" level="INFO">Typing text 'FrontEnd' into text field '//label[@for='username']/..//input'.</msg>
<status status="PASS" starttime="20200304 15:30:46.602" endtime="20200304 15:30:46.683"></status>
</kw>
<kw name="Input Text" library="SeleniumLibrary">
<doc>Types the given ``text`` into the text field identified by ``locator``.</doc>
<arguments>
<arg>//label[@for='password']/..//input</arg>
<arg>${PASSWORD}</arg>
</arguments>
<msg timestamp="20200304 15:30:46.683" level="INFO">Typing text 'WRONGPASS' into text field '//label[@for='password']/..//input'.</msg>
<status status="PASS" starttime="20200304 15:30:46.683" endtime="20200304 15:30:46.788"></status>
</kw>
<kw name="Click Element" library="SeleniumLibrary">
<doc>Click the element identified by ``locator``.</doc>
<arguments>
<arg>//button[@type='button'][.='Log me in']</arg>
</arguments>
<msg timestamp="20200304 15:30:46.788" level="INFO">Clicking element '//button[@type='button'][.='Log me in']'.</msg>
<status status="PASS" starttime="20200304 15:30:46.788" endtime="20200304 15:30:46.822"></status>
</kw>
<kw name="Wait for Ajax" library="Generic_Commands">
<kw name="Execute Javascript" library="SeleniumLibrary">
<doc>Executes the given JavaScript code with possible arguments.</doc>
<arguments>
<arg>"return jQuery.active == 0"</arg>
</arguments>
<msg timestamp="20200304 15:30:46.822" level="INFO">Executing JavaScript:
"return jQuery.active == 0"
Without any arguments.</msg>
<status status="PASS" starttime="20200304 15:30:46.822" endtime="20200304 15:30:46.826"></status>
</kw>
<kw name="Sleep" library="BuiltIn">
<doc>Pauses the test executed for the given time.</doc>
<arguments>
<arg>0.5</arg>
</arguments>
<msg timestamp="20200304 15:30:47.326" level="INFO">Slept 500 milliseconds</msg>
<status status="PASS" starttime="20200304 15:30:46.826" endtime="20200304 15:30:47.326"></status>
</kw>
<status status="PASS" starttime="20200304 15:30:46.822" endtime="20200304 15:30:47.326"></status>
</kw>
<status status="PASS" starttime="20200304 15:30:46.601" endtime="20200304 15:30:47.326"></status>
</kw>
<status status="PASS" starttime="20200304 15:30:46.601" endtime="20200304 15:30:47.327" critical="yes"></status>
</test>
<test id="s1-s1-s2-t7" name="Verify dialog with Incorrect Password Try Again Please appears">
<kw name="Ensure that element is visible" library="Validations">
<arguments>
<arg>//div[@class='modal-content']//h5[contains(.,'Incorrect Password, Try Again Please!')]</arg>
</arguments>
<kw name="Wait Until Element Is Visible" library="SeleniumLibrary">
<doc>Waits until the element ``locator`` is visible.</doc>
<arguments>
<arg>${elementXpathIdentifier}</arg>
</arguments>
<status status="PASS" starttime="20200304 15:30:47.329" endtime="20200304 15:30:47.360"></status>
</kw>
<status status="PASS" starttime="20200304 15:30:47.329" endtime="20200304 15:30:47.360"></status>
</kw>
<kw name="Ensure that element is visible" library="Validations">
<arguments>
<arg>//div[@class='modal-content']//button[.='OK']</arg>
</arguments>
<kw name="Wait Until Element Is Visible" library="SeleniumLibrary">
<doc>Waits until the element ``locator`` is visible.</doc>
<arguments>
<arg>${elementXpathIdentifier}</arg>
</arguments>
<status status="PASS" starttime="20200304 15:30:47.361" endtime="20200304 15:30:47.378"></status>
</kw>
<status status="PASS" starttime="20200304 15:30:47.361" endtime="20200304 15:30:47.378"></status>
</kw>
<kw name="Click Button" library="SeleniumLibrary">
<doc>Clicks the button identified by ``locator``.</doc>
<arguments>
<arg>//div[@class='modal-content']//button[.='OK']</arg>
</arguments>
<msg timestamp="20200304 15:30:47.379" level="INFO">Clicking button '//div[@class='modal-content']//button[.='OK']'.</msg>
<status status="PASS" starttime="20200304 15:30:47.379" endtime="20200304 15:30:47.442"></status>
</kw>
<kw name="Wait for Ajax" library="Generic_Commands">
<kw name="Execute Javascript" library="SeleniumLibrary">
<doc>Executes the given JavaScript code with possible arguments.</doc>
<arguments>
<arg>"return jQuery.active == 0"</arg>
</arguments>
<msg timestamp="20200304 15:30:47.443" level="INFO">Executing JavaScript:
"return jQuery.active == 0"
Without any arguments.</msg>
<status status="PASS" starttime="20200304 15:30:47.442" endtime="20200304 15:30:47.447"></status>
</kw>
<kw name="Sleep" library="BuiltIn">
<doc>Pauses the test executed for the given time.</doc>
<arguments>
<arg>0.5</arg>
</arguments>
<msg timestamp="20200304 15:30:47.949" level="INFO">Slept 500 milliseconds</msg>
<status status="PASS" starttime="20200304 15:30:47.448" endtime="20200304 15:30:47.949"></status>
</kw>
<status status="PASS" starttime="20200304 15:30:47.442" endtime="20200304 15:30:47.949"></status>
</kw>
<status status="PASS" starttime="20200304 15:30:47.328" endtime="20200304 15:30:47.950" critical="yes"></status>
</test>
<test id="s1-s1-s2-t8" name="AT Landing Page">
<kw name="Pixyle Automatic Tagging landing page" library="Validations">
<kw name="Ensure that element is visible" library="Validations">
<arguments>
<arg>//p[.='Welcome to Pixyle.ai - Automatic Tagging']</arg>
</arguments>
<kw name="Wait Until Element Is Visible" library="SeleniumLibrary">
<doc>Waits until the element ``locator`` is visible.</doc>
<arguments>
<arg>${elementXpathIdentifier}</arg>
</arguments>
<status status="PASS" starttime="20200304 15:30:47.953" endtime="20200304 15:30:47.969"></status>
</kw>
<status status="PASS" starttime="20200304 15:30:47.953" endtime="20200304 15:30:47.969"></status>
</kw>
<kw name="Ensure that element is visible" library="Validations">
<arguments>
<arg>//label[@for='username'][.='Username']</arg>
</arguments>
<kw name="Wait Until Element Is Visible" library="SeleniumLibrary">
<doc>Waits until the element ``locator`` is visible.</doc>
<arguments>
<arg>${elementXpathIdentifier}</arg>
</arguments>
<status status="PASS" starttime="20200304 15:30:47.970" endtime="20200304 15:30:47.985"></status>
</kw>
<status status="PASS" starttime="20200304 15:30:47.970" endtime="20200304 15:30:47.985"></status>
</kw>
<kw name="Ensure that element is visible" library="Validations">
<arguments>
<arg>//label[@for='username']/..//input</arg>
</arguments>
<kw name="Wait Until Element Is Visible" library="SeleniumLibrary">
<doc>Waits until the element ``locator`` is visible.</doc>
<arguments>
<arg>${elementXpathIdentifier}</arg>
</arguments>
<status status="PASS" starttime="20200304 15:30:47.986" endtime="20200304 15:30:48.001"></status>
</kw>
<status status="PASS" starttime="20200304 15:30:47.985" endtime="20200304 15:30:48.001"></status>
</kw>
<kw name="Ensure that element is visible" library="Validations">
<arguments>
<arg>//label[@for='password'][.='Password']</arg>
</arguments>
<kw name="Wait Until Element Is Visible" library="SeleniumLibrary">
<doc>Waits until the element ``locator`` is visible.</doc>
<arguments>
<arg>${elementXpathIdentifier}</arg>
</arguments>
<status status="PASS" starttime="20200304 15:30:48.001" endtime="20200304 15:30:48.016"></status>
</kw>
<status status="PASS" starttime="20200304 15:30:48.001" endtime="20200304 15:30:48.016"></status>
</kw>
<kw name="Ensure that element is visible" library="Validations">
<arguments>
<arg>//label[@for='password']/..//input</arg>
</arguments>
<kw name="Wait Until Element Is Visible" library="SeleniumLibrary">
<doc>Waits until the element ``locator`` is visible.</doc>
<arguments>
<arg>${elementXpathIdentifier}</arg>
</arguments>
<status status="PASS" starttime="20200304 15:30:48.016" endtime="20200304 15:30:48.031"></status>
</kw>
<status status="PASS" starttime="20200304 15:30:48.016" endtime="20200304 15:30:48.031"></status>
</kw>
<kw name="Ensure that element is visible" library="Validations">
<arguments>
<arg>//button[@type='button'][.='Log me in']</arg>
</arguments>
<kw name="Wait Until Element Is Visible" library="SeleniumLibrary">
<doc>Waits until the element ``locator`` is visible.</doc>
<arguments>
<arg>${elementXpathIdentifier}</arg>
</arguments>
<status status="PASS" starttime="20200304 15:30:48.032" endtime="20200304 15:30:48.046"></status>
</kw>
<status status="PASS" starttime="20200304 15:30:48.032" endtime="20200304 15:30:48.046"></status>
</kw>
<status status="PASS" starttime="20200304 15:30:47.952" endtime="20200304 15:30:48.046"></status>
</kw>
<status status="PASS" starttime="20200304 15:30:47.952" endtime="20200304 15:30:48.047" critical="yes"></status>
</test>
<test id="s1-s1-s2-t9" name="Login with valid credentials">
<kw name="Login as [FrontEnd] with password [Frontend123#]" library="Generic_Commands">
<kw name="Input Text" library="SeleniumLibrary">
<doc>Types the given ``text`` into the text field identified by ``locator``.</doc>
<arguments>
<arg>//label[@for='username']/..//input</arg>
<arg>${USERNAME}</arg>
</arguments>
<msg timestamp="20200304 15:30:48.049" level="INFO">Typing text 'FrontEnd' into text field '//label[@for='username']/..//input'.</msg>
<status status="PASS" starttime="20200304 15:30:48.049" endtime="20200304 15:30:48.123"></status>
</kw>
<kw name="Input Text" library="SeleniumLibrary">
<doc>Types the given ``text`` into the text field identified by ``locator``.</doc>
<arguments>
<arg>//label[@for='password']/..//input</arg>
<arg>${PASSWORD}</arg>
</arguments>
<msg timestamp="20200304 15:30:48.124" level="INFO">Typing text 'Frontend123#' into text field '//label[@for='password']/..//input'.</msg>
<status status="PASS" starttime="20200304 15:30:48.124" endtime="20200304 15:30:48.220"></status>
</kw>
<kw name="Click Element" library="SeleniumLibrary">
<doc>Click the element identified by ``locator``.</doc>
<arguments>
<arg>//button[@type='button'][.='Log me in']</arg>
</arguments>
<msg timestamp="20200304 15:30:48.220" level="INFO">Clicking element '//button[@type='button'][.='Log me in']'.</msg>
<status status="PASS" starttime="20200304 15:30:48.220" endtime="20200304 15:30:48.256"></status>
</kw>
<kw name="Wait for Ajax" library="Generic_Commands">
<kw name="Execute Javascript" library="SeleniumLibrary">
<doc>Executes the given JavaScript code with possible arguments.</doc>
<arguments>
<arg>"return jQuery.active == 0"</arg>
</arguments>
<msg timestamp="20200304 15:30:48.257" level="INFO">Executing JavaScript:
"return jQuery.active == 0"
Without any arguments.</msg>
<status status="PASS" starttime="20200304 15:30:48.257" endtime="20200304 15:30:48.259"></status>
</kw>
<kw name="Sleep" library="BuiltIn">
<doc>Pauses the test executed for the given time.</doc>
<arguments>
<arg>0.5</arg>
</arguments>
<msg timestamp="20200304 15:30:48.761" level="INFO">Slept 500 milliseconds</msg>
<status status="PASS" starttime="20200304 15:30:48.260" endtime="20200304 15:30:48.761"></status>
</kw>
<status status="PASS" starttime="20200304 15:30:48.256" endtime="20200304 15:30:48.761"></status>
</kw>
<status status="PASS" starttime="20200304 15:30:48.049" endtime="20200304 15:30:48.761"></status>
</kw>
<status status="PASS" starttime="20200304 15:30:48.048" endtime="20200304 15:30:48.761" critical="yes"></status>
</test>
<test id="s1-s1-s2-t10" name="Verify User has logged in successfully">
<kw name="Ensure that element is visible" library="Validations">
<arguments>
<arg>//div[@role='listbox']</arg>
</arguments>
<kw name="Wait Until Element Is Visible" library="SeleniumLibrary">
<doc>Waits until the element ``locator`` is visible.</doc>
<arguments>
<arg>${elementXpathIdentifier}</arg>
</arguments>
<status status="PASS" starttime="20200304 15:30:48.763" endtime="20200304 15:30:49.067"></status>
</kw>
<status status="PASS" starttime="20200304 15:30:48.763" endtime="20200304 15:30:49.068"></status>
</kw>
<kw name="Ensure that element is visible" library="Validations">
<arguments>
<arg>//input[@placeholder='Search by product ID']</arg>
</arguments>
<kw name="Wait Until Element Is Visible" library="SeleniumLibrary">
<doc>Waits until the element ``locator`` is visible.</doc>
<arguments>
<arg>${elementXpathIdentifier}</arg>
</arguments>
<status status="PASS" starttime="20200304 15:30:49.068" endtime="20200304 15:30:49.088"></status>
</kw>
<status status="PASS" starttime="20200304 15:30:49.068" endtime="20200304 15:30:49.088"></status>
</kw>
<status status="PASS" starttime="20200304 15:30:48.762" endtime="20200304 15:30:49.088" critical="yes"></status>
</test>
<test id="s1-s1-s2-t11" name="Log out">
<kw name="Log out current User" library="Generic_Commands">
<kw name="Ensure that element is visible" library="Validations">
<arguments>
<arg>//div[@role='listbox']</arg>
</arguments>
<kw name="Wait Until Element Is Visible" library="SeleniumLibrary">
<doc>Waits until the element ``locator`` is visible.</doc>
<arguments>
<arg>${elementXpathIdentifier}</arg>
</arguments>
<status status="PASS" starttime="20200304 15:30:49.090" endtime="20200304 15:30:49.107"></status>
</kw>
<status status="PASS" starttime="20200304 15:30:49.090" endtime="20200304 15:30:49.107"></status>
</kw>
<kw name="Click Element" library="SeleniumLibrary">
<doc>Click the element identified by ``locator``.</doc>
<arguments>
<arg>//div[@role='listbox']</arg>
</arguments>
<msg timestamp="20200304 15:30:49.107" level="INFO">Clicking element '//div[@role='listbox']'.</msg>
<status status="PASS" starttime="20200304 15:30:49.107" endtime="20200304 15:30:49.164"></status>
</kw>
<kw name="Ensure that element is visible" library="Validations">
<arguments>
<arg>//div[@role='listbox']//div[@role='option']//span[contains(.,'Log Out')]</arg>
</arguments>
<kw name="Wait Until Element Is Visible" library="SeleniumLibrary">
<doc>Waits until the element ``locator`` is visible.</doc>
<arguments>
<arg>${elementXpathIdentifier}</arg>
</arguments>
<status status="PASS" starttime="20200304 15:30:49.165" endtime="20200304 15:30:49.195"></status>
</kw>
<status status="PASS" starttime="20200304 15:30:49.164" endtime="20200304 15:30:49.195"></status>
</kw>
<kw name="Click Element" library="SeleniumLibrary">
<doc>Click the element identified by ``locator``.</doc>
<arguments>
<arg>//div[@role='listbox']//div[@role='option']//span[contains(.,'Log Out')]</arg>
</arguments>
<msg timestamp="20200304 15:30:49.196" level="INFO">Clicking element '//div[@role='listbox']//div[@role='option']//span[contains(.,'Log Out')]'.</msg>
<status status="PASS" starttime="20200304 15:30:49.195" endtime="20200304 15:30:49.241"></status>
</kw>
<kw name="Wait for Ajax" library="Generic_Commands">
<kw name="Execute Javascript" library="SeleniumLibrary">
<doc>Executes the given JavaScript code with possible arguments.</doc>
<arguments>
<arg>"return jQuery.active == 0"</arg>
</arguments>
<msg timestamp="20200304 15:30:49.242" level="INFO">Executing JavaScript:
"return jQuery.active == 0"
Without any arguments.</msg>
<status status="PASS" starttime="20200304 15:30:49.241" endtime="20200304 15:30:49.246"></status>
</kw>
<kw name="Sleep" library="BuiltIn">
<doc>Pauses the test executed for the given time.</doc>
<arguments>
<arg>0.5</arg>
</arguments>
<msg timestamp="20200304 15:30:49.746" level="INFO">Slept 500 milliseconds</msg>
<status status="PASS" starttime="20200304 15:30:49.246" endtime="20200304 15:30:49.746"></status>
</kw>
<status status="PASS" starttime="20200304 15:30:49.241" endtime="20200304 15:30:49.746"></status>
</kw>
<kw name="Pixyle Automatic Tagging landing page" library="Validations">
<kw name="Ensure that element is visible" library="Validations">
<arguments>
<arg>//p[.='Welcome to Pixyle.ai - Automatic Tagging']</arg>
</arguments>
<kw name="Wait Until Element Is Visible" library="SeleniumLibrary">
<doc>Waits until the element ``locator`` is visible.</doc>
<arguments>
<arg>${elementXpathIdentifier}</arg>
</arguments>
<status status="PASS" starttime="20200304 15:30:49.747" endtime="20200304 15:30:50.516"></status>
</kw>
<status status="PASS" starttime="20200304 15:30:49.746" endtime="20200304 15:30:50.516"></status>
</kw>
<kw name="Ensure that element is visible" library="Validations">
<arguments>
<arg>//label[@for='username'][.='Username']</arg>
</arguments>
<kw name="Wait Until Element Is Visible" library="SeleniumLibrary">
<doc>Waits until the element ``locator`` is visible.</doc>
<arguments>
<arg>${elementXpathIdentifier}</arg>
</arguments>
<status status="PASS" starttime="20200304 15:30:50.517" endtime="20200304 15:30:50.532"></status>
</kw>
<status status="PASS" starttime="20200304 15:30:50.517" endtime="20200304 15:30:50.532"></status>
</kw>
<kw name="Ensure that element is visible" library="Validations">
<arguments>
<arg>//label[@for='username']/..//input</arg>
</arguments>
<kw name="Wait Until Element Is Visible" library="SeleniumLibrary">
<doc>Waits until the element ``locator`` is visible.</doc>
<arguments>
<arg>${elementXpathIdentifier}</arg>
</arguments>
<status status="PASS" starttime="20200304 15:30:50.533" endtime="20200304 15:30:50.548"></status>
</kw>
<status status="PASS" starttime="20200304 15:30:50.533" endtime="20200304 15:30:50.549"></status>
</kw>
<kw name="Ensure that element is visible" library="Validations">
<arguments>
<arg>//label[@for='password'][.='Password']</arg>
</arguments>
<kw name="Wait Until Element Is Visible" library="SeleniumLibrary">
<doc>Waits until the element ``locator`` is visible.</doc>
<arguments>
<arg>${elementXpathIdentifier}</arg>
</arguments>
<status status="PASS" starttime="20200304 15:30:50.549" endtime="20200304 15:30:50.565"></status>
</kw>
<status status="PASS" starttime="20200304 15:30:50.549" endtime="20200304 15:30:50.565"></status>
</kw>
<kw name="Ensure that element is visible" library="Validations">
<arguments>
<arg>//label[@for='password']/..//input</arg>
</arguments>
<kw name="Wait Until Element Is Visible" library="SeleniumLibrary">
<doc>Waits until the element ``locator`` is visible.</doc>
<arguments>
<arg>${elementXpathIdentifier}</arg>
</arguments>
<status status="PASS" starttime="20200304 15:30:50.565" endtime="20200304 15:30:50.581"></status>
</kw>
<status status="PASS" starttime="20200304 15:30:50.565" endtime="20200304 15:30:50.581"></status>
</kw>
<kw name="Ensure that element is visible" library="Validations">
<arguments>
<arg>//button[@type='button'][.='Log me in']</arg>
</arguments>
<kw name="Wait Until Element Is Visible" library="SeleniumLibrary">
<doc>Waits until the element ``locator`` is visible.</doc>
<arguments>
<arg>${elementXpathIdentifier}</arg>
</arguments>
<status status="PASS" starttime="20200304 15:30:50.582" endtime="20200304 15:30:50.598"></status>
</kw>
<status status="PASS" starttime="20200304 15:30:50.581" endtime="20200304 15:30:50.598"></status>
</kw>
<status status="PASS" starttime="20200304 15:30:49.746" endtime="20200304 15:30:50.598"></status>
</kw>
<status status="PASS" starttime="20200304 15:30:49.090" endtime="20200304 15:30:50.598"></status>
</kw>
<status status="PASS" starttime="20200304 15:30:49.089" endtime="20200304 15:30:50.599" critical="yes"></status>
</test>
<test id="s1-s1-s2-t12" name="User has landed on Login page">
<kw name="Pixyle Automatic Tagging landing page" library="Validations">
<kw name="Ensure that element is visible" library="Validations">
<arguments>
<arg>//p[.='Welcome to Pixyle.ai - Automatic Tagging']</arg>
</arguments>
<kw name="Wait Until Element Is Visible" library="SeleniumLibrary">
<doc>Waits until the element ``locator`` is visible.</doc>
<arguments>
<arg>${elementXpathIdentifier}</arg>
</arguments>
<status status="PASS" starttime="20200304 15:30:50.601" endtime="20200304 15:30:50.617"></status>
</kw>
<status status="PASS" starttime="20200304 15:30:50.601" endtime="20200304 15:30:50.617"></status>
</kw>
<kw name="Ensure that element is visible" library="Validations">
<arguments>
<arg>//label[@for='username'][.='Username']</arg>
</arguments>
<kw name="Wait Until Element Is Visible" library="SeleniumLibrary">
<doc>Waits until the element ``locator`` is visible.</doc>
<arguments>
<arg>${elementXpathIdentifier}</arg>
</arguments>
<status status="PASS" starttime="20200304 15:30:50.617" endtime="20200304 15:30:50.634"></status>
</kw>
<status status="PASS" starttime="20200304 15:30:50.617" endtime="20200304 15:30:50.634"></status>
</kw>
<kw name="Ensure that element is visible" library="Validations">
<arguments>
<arg>//label[@for='username']/..//input</arg>
</arguments>
<kw name="Wait Until Element Is Visible" library="SeleniumLibrary">
<doc>Waits until the element ``locator`` is visible.</doc>
<arguments>
<arg>${elementXpathIdentifier}</arg>
</arguments>
<status status="PASS" starttime="20200304 15:30:50.634" endtime="20200304 15:30:50.649"></status>
</kw>
<status status="PASS" starttime="20200304 15:30:50.634" endtime="20200304 15:30:50.650"></status>
</kw>
<kw name="Ensure that element is visible" library="Validations">
<arguments>
<arg>//label[@for='password'][.='Password']</arg>
</arguments>
<kw name="Wait Until Element Is Visible" library="SeleniumLibrary">
<doc>Waits until the element ``locator`` is visible.</doc>
<arguments>
<arg>${elementXpathIdentifier}</arg>
</arguments>
<status status="PASS" starttime="20200304 15:30:50.650" endtime="20200304 15:30:50.665"></status>
</kw>
<status status="PASS" starttime="20200304 15:30:50.650" endtime="20200304 15:30:50.665"></status>
</kw>
<kw name="Ensure that element is visible" library="Validations">
<arguments>
<arg>//label[@for='password']/..//input</arg>
</arguments>
<kw name="Wait Until Element Is Visible" library="SeleniumLibrary">
<doc>Waits until the element ``locator`` is visible.</doc>
<arguments>
<arg>${elementXpathIdentifier}</arg>
</arguments>
<status status="PASS" starttime="20200304 15:30:50.665" endtime="20200304 15:30:50.680"></status>
</kw>
<status status="PASS" starttime="20200304 15:30:50.665" endtime="20200304 15:30:50.681"></status>
</kw>
<kw name="Ensure that element is visible" library="Validations">
<arguments>
<arg>//button[@type='button'][.='Log me in']</arg>
</arguments>
<kw name="Wait Until Element Is Visible" library="SeleniumLibrary">
<doc>Waits until the element ``locator`` is visible.</doc>
<arguments>
<arg>${elementXpathIdentifier}</arg>
</arguments>
<status status="PASS" starttime="20200304 15:30:50.681" endtime="20200304 15:30:50.695"></status>
</kw>
<status status="PASS" starttime="20200304 15:30:50.681" endtime="20200304 15:30:50.696"></status>
</kw>
<status status="PASS" starttime="20200304 15:30:50.601" endtime="20200304 15:30:50.696"></status>
</kw>
<kw name="Close all open browsers and clear cookies" library="Generic_Commands" type="teardown">
<kw name="Delete All Cookies" library="SeleniumLibrary">
<doc>Deletes all cookies.</doc>
<status status="PASS" starttime="20200304 15:30:50.697" endtime="20200304 15:30:50.719"></status>
</kw>
<kw name="Close All Browsers" library="SeleniumLibrary">
<doc>Closes all open browsers and resets the browser cache.</doc>
<status status="PASS" starttime="20200304 15:30:50.719" endtime="20200304 15:30:52.873"></status>
</kw>
<status status="PASS" starttime="20200304 15:30:50.696" endtime="20200304 15:30:52.873"></status>
</kw>
<status status="PASS" starttime="20200304 15:30:50.600" endtime="20200304 15:30:52.874" critical="yes"></status>
</test>
<status status="PASS" starttime="20200304 15:30:31.222" endtime="20200304 15:30:52.876"></status>
</suite>
<status status="PASS" starttime="20200304 15:30:03.093" endtime="20200304 15:30:52.882"></status>
</suite>
<suite id="s1-s2" name="QA collection" source="C:\workspace\Pixyle\Autobots\QA_collection">
<suite id="s1-s2-s1" name="Jackets" source="C:\workspace\Pixyle\Autobots\QA_collection\Jackets">
<suite id="s1-s2-s1-s1" name="Jackets card" source="C:\workspace\Pixyle\Autobots\QA_collection\Jackets\Jackets_card.robot">
<test id="s1-s2-s1-s1-t1" name="Jackets card verification">
<kw name="Run Pixyle Automatic Tagging in web browser" library="Generic_Commands">
<kw name="Open Browser And Go To Login Page" library="Generic_Commands">
<kw name="Open Browser" library="SeleniumLibrary">
<doc>Opens a new browser instance to the optional ``url``.</doc>
<arguments>
<arg>${ServerName}</arg>
<arg>${Browser}</arg>
</arguments>
<msg timestamp="20200304 15:30:52.911" level="INFO">Opening browser 'chrome' to base url 'http://autotagdemo.s3-website.eu-central-1.amazonaws.com/'.</msg>
<status status="PASS" starttime="20200304 15:30:52.910" endtime="20200304 15:31:00.181"></status>
</kw>
<kw name="Maximize Browser Window" library="SeleniumLibrary">
<doc>Maximizes current browser window.</doc>
<status status="PASS" starttime="20200304 15:31:00.182" endtime="20200304 15:31:04.393"></status>
</kw>
<kw name="Set Selenium Speed" library="SeleniumLibrary">
<doc>Sets the delay that is waited after each Selenium command.</doc>
<arguments>
<arg>0</arg>
</arguments>
<status status="PASS" starttime="20200304 15:31:04.393" endtime="20200304 15:31:04.393"></status>
</kw>
<status status="PASS" starttime="20200304 15:30:52.910" endtime="20200304 15:31:04.393"></status>
</kw>
<kw name="Wait for Ajax" library="Generic_Commands">
<kw name="Execute Javascript" library="SeleniumLibrary">
<doc>Executes the given JavaScript code with possible arguments.</doc>
<arguments>
<arg>"return jQuery.active == 0"</arg>
</arguments>
<msg timestamp="20200304 15:31:04.394" level="INFO">Executing JavaScript:
"return jQuery.active == 0"
Without any arguments.</msg>
<status status="PASS" starttime="20200304 15:31:04.394" endtime="20200304 15:31:04.401"></status>
</kw>
<kw name="Sleep" library="BuiltIn">
<doc>Pauses the test executed for the given time.</doc>
<arguments>
<arg>0.5</arg>
</arguments>
<msg timestamp="20200304 15:31:04.902" level="INFO">Slept 500 milliseconds</msg>
<status status="PASS" starttime="20200304 15:31:04.401" endtime="20200304 15:31:04.902"></status>
</kw>
<status status="PASS" starttime="20200304 15:31:04.393" endtime="20200304 15:31:04.902"></status>
</kw>
[...]
<doc>Waits until the element ``locator`` is visible.</doc>
<arguments>
<arg>${elementXpathIdentifier}</arg>
</arguments>
<status status="PASS" starttime="20200304 15:37:26.398" endtime="20200304 15:37:27.660"></status>
</kw>
<status status="PASS" starttime="20200304 15:37:26.398" endtime="20200304 15:37:27.660"></status>
</kw>
<status status="PASS" starttime="20200304 15:37:26.397" endtime="20200304 15:37:27.661"></status>
</kw>
<kw name="Verify that the card with header [t-shirts ss] shows [2] out of [2] images verified" library="Validations">
<kw name="Ensure that element is visible" library="Validations">
<arguments>
<arg>//div[@class='header'][.='${HDR}']/..//p[contains(.,'${NUM1}')]</arg>
</arguments>
<kw name="Wait Until Element Is Visible" library="SeleniumLibrary">
<doc>Waits until the element ``locator`` is visible.</doc>
<arguments>
<arg>${elementXpathIdentifier}</arg>
</arguments>
<status status="PASS" starttime="20200304 15:37:27.662" endtime="20200304 15:37:27.681"></status>
</kw>
<status status="PASS" starttime="20200304 15:37:27.661" endtime="20200304 15:37:27.681"></status>
</kw>
<kw name="Ensure that element is visible" library="Validations">
<arguments>
<arg>//div[@class='header'][.='${HDR}']/..//p[contains(.,'out of')]</arg>
</arguments>
<kw name="Wait Until Element Is Visible" library="SeleniumLibrary">
<doc>Waits until the element ``locator`` is visible.</doc>
<arguments>
<arg>${elementXpathIdentifier}</arg>
</arguments>
<status status="PASS" starttime="20200304 15:37:27.682" endtime="20200304 15:37:27.700"></status>
</kw>
<status status="PASS" starttime="20200304 15:37:27.681" endtime="20200304 15:37:27.700"></status>
</kw>
<kw name="Ensure that element is visible" library="Validations">
<arguments>
<arg>//div[@class='header'][.='${HDR}']/..//p[contains(.,'${NUM2}')]</arg>
</arguments>
<kw name="Wait Until Element Is Visible" library="SeleniumLibrary">
<doc>Waits until the element ``locator`` is visible.</doc>
<arguments>
<arg>${elementXpathIdentifier}</arg>
</arguments>
<status status="PASS" starttime="20200304 15:37:27.701" endtime="20200304 15:37:27.717"></status>
</kw>
<status status="PASS" starttime="20200304 15:37:27.701" endtime="20200304 15:37:27.717"></status>
</kw>
<kw name="Ensure that element is visible" library="Validations">
<arguments>
<arg>//div[@class='header'][.='${HDR}']/..//p[contains(.,'images verified')]</arg>
</arguments>
<kw name="Wait Until Element Is Visible" library="SeleniumLibrary">
<doc>Waits until the element ``locator`` is visible.</doc>
<arguments>
<arg>${elementXpathIdentifier}</arg>
</arguments>
<status status="PASS" starttime="20200304 15:37:27.718" endtime="20200304 15:37:27.737"></status>
</kw>
<status status="PASS" starttime="20200304 15:37:27.717" endtime="20200304 15:37:27.737"></status>
</kw>
<kw name="Ensure that element is visible" library="Validations">
<arguments>
<arg>//div[@class='header'][.='${HDR}']/..//img[@alt='Category_photo']</arg>
</arguments>
<kw name="Wait Until Element Is Visible" library="SeleniumLibrary">
<doc>Waits until the element ``locator`` is visible.</doc>
<arguments>
<arg>${elementXpathIdentifier}</arg>
</arguments>
<status status="PASS" starttime="20200304 15:37:27.738" endtime="20200304 15:37:27.757"></status>
</kw>
<status status="PASS" starttime="20200304 15:37:27.737" endtime="20200304 15:37:27.757"></status>
</kw>
<status status="PASS" starttime="20200304 15:37:27.661" endtime="20200304 15:37:27.757"></status>
</kw>
<status status="PASS" starttime="20200304 15:37:26.397" endtime="20200304 15:37:27.758" critical="yes"></status>
</test>
<test id="s1-s2-s4-s1-t8" name="Back to Dashboard">
<kw name="Go back to Dashboard" library="Generic_Commands">
<kw name="Ensure that element is visible" library="Validations">
<arguments>
<arg>//button[contains(.,'Back to Dashboard')]</arg>
</arguments>
<kw name="Wait Until Element Is Visible" library="SeleniumLibrary">
<doc>Waits until the element ``locator`` is visible.</doc>
<arguments>
<arg>${elementXpathIdentifier}</arg>
</arguments>
<status status="PASS" starttime="20200304 15:37:27.760" endtime="20200304 15:37:27.781"></status>
</kw>
<status status="PASS" starttime="20200304 15:37:27.760" endtime="20200304 15:37:27.781"></status>
</kw>
<kw name="Click Element" library="SeleniumLibrary">
<doc>Click the element identified by ``locator``.</doc>
<arguments>
<arg>//button[contains(.,'Back to Dashboard')]</arg>
</arguments>
<msg timestamp="20200304 15:37:27.781" level="INFO">Clicking element '//button[contains(.,'Back to Dashboard')]'.</msg>
<status status="PASS" starttime="20200304 15:37:27.781" endtime="20200304 15:37:27.858"></status>
</kw>
<kw name="Wait for Ajax" library="Generic_Commands">
<kw name="Execute Javascript" library="SeleniumLibrary">
<doc>Executes the given JavaScript code with possible arguments.</doc>
<arguments>
<arg>"return jQuery.active == 0"</arg>
</arguments>
<msg timestamp="20200304 15:37:27.859" level="INFO">Executing JavaScript:
"return jQuery.active == 0"
Without any arguments.</msg>
<status status="PASS" starttime="20200304 15:37:27.858" endtime="20200304 15:37:27.863"></status>
</kw>
<kw name="Sleep" library="BuiltIn">
<doc>Pauses the test executed for the given time.</doc>
<arguments>
<arg>0.5</arg>
</arguments>
<msg timestamp="20200304 15:37:28.365" level="INFO">Slept 500 milliseconds</msg>
<status status="PASS" starttime="20200304 15:37:27.863" endtime="20200304 15:37:28.365"></status>
</kw>
<status status="PASS" starttime="20200304 15:37:27.858" endtime="20200304 15:37:28.365"></status>
</kw>
<status status="PASS" starttime="20200304 15:37:27.760" endtime="20200304 15:37:28.365"></status>
</kw>
<kw name="Within the dashboard the [QA_collection] collection is shown" library="Validations">
<kw name="Ensure that element is visible" library="Validations">
<arguments>
<arg>//a[.='${COLLEECTION_ON_DSHB}']</arg>
</arguments>
<kw name="Wait Until Element Is Visible" library="SeleniumLibrary">
<doc>Waits until the element ``locator`` is visible.</doc>
<arguments>
<arg>${elementXpathIdentifier}</arg>
</arguments>
<status status="PASS" starttime="20200304 15:37:28.367" endtime="20200304 15:37:28.432"></status>
</kw>
<status status="PASS" starttime="20200304 15:37:28.366" endtime="20200304 15:37:28.432"></status>
</kw>
<status status="PASS" starttime="20200304 15:37:28.366" endtime="20200304 15:37:28.432"></status>
</kw>
<status status="PASS" starttime="20200304 15:37:27.759" endtime="20200304 15:37:28.432" critical="yes"></status>
</test>
<test id="s1-s2-s4-s1-t9" name="Delete the collection">
<kw name="Delete the [QA_collection] collection" library="Generic_Commands">
<kw name="Select Checkbox" library="SeleniumLibrary">
<doc>Selects the checkbox identified by ``locator``.</doc>
<arguments>
<arg>//a[.='${COLLECTION_NAME}']/../../..//input[@name='checkbox']</arg>
</arguments>
<msg timestamp="20200304 15:37:28.435" level="INFO">Selecting checkbox '//a[.='QA_collection']/../../..//input[@name='checkbox']'.</msg>
<status status="PASS" starttime="20200304 15:37:28.435" endtime="20200304 15:37:28.527"></status>
</kw>
<kw name="Click Element" library="SeleniumLibrary">
<doc>Click the element identified by ``locator``.</doc>
<arguments>
<arg>//button[@class='topButtonsL'][contains(.,'Delete')]</arg>
</arguments>
<msg timestamp="20200304 15:37:28.527" level="INFO">Clicking element '//button[@class='topButtonsL'][contains(.,'Delete')]'.</msg>
<status status="PASS" starttime="20200304 15:37:28.527" endtime="20200304 15:37:28.609"></status>
</kw>
<kw name="Ensure that element is visible" library="Validations">
<arguments>
<arg>//div[@class='modal-content']</arg>
</arguments>
<kw name="Wait Until Element Is Visible" library="SeleniumLibrary">
<doc>Waits until the element ``locator`` is visible.</doc>
<arguments>
<arg>${elementXpathIdentifier}</arg>
</arguments>
<status status="PASS" starttime="20200304 15:37:28.609" endtime="20200304 15:37:28.632"></status>
</kw>
<status status="PASS" starttime="20200304 15:37:28.609" endtime="20200304 15:37:28.633"></status>
</kw>
<kw name="Ensure that element is visible" library="Validations">
<arguments>
<arg>//div[@class='modal-content']//h5[.='Are you sure you want to delete this collection?']</arg>
</arguments>
<kw name="Wait Until Element Is Visible" library="SeleniumLibrary">
<doc>Waits until the element ``locator`` is visible.</doc>
<arguments>
<arg>${elementXpathIdentifier}</arg>
</arguments>
<status status="PASS" starttime="20200304 15:37:28.633" endtime="20200304 15:37:28.656"></status>
</kw>
<status status="PASS" starttime="20200304 15:37:28.633" endtime="20200304 15:37:28.657"></status>
</kw>
<kw name="Ensure that element is visible" library="Validations">
<arguments>
<arg>//div[@class='modal-content']//button[.='Yes']</arg>
</arguments>
<kw name="Wait Until Element Is Visible" library="SeleniumLibrary">
<doc>Waits until the element ``locator`` is visible.</doc>
<arguments>
<arg>${elementXpathIdentifier}</arg>
</arguments>
<status status="PASS" starttime="20200304 15:37:28.657" endtime="20200304 15:37:28.688"></status>
</kw>
<status status="PASS" starttime="20200304 15:37:28.657" endtime="20200304 15:37:28.688"></status>
</kw>
<kw name="Click Element" library="SeleniumLibrary">
<doc>Click the element identified by ``locator``.</doc>
<arguments>
<arg>//div[@class='modal-content']//button[.='Yes']</arg>
</arguments>
<msg timestamp="20200304 15:37:28.688" level="INFO">Clicking element '//div[@class='modal-content']//button[.='Yes']'.</msg>
<status status="PASS" starttime="20200304 15:37:28.688" endtime="20200304 15:37:28.747"></status>
</kw>
<kw name="Wait Until Element Is Not Visible" library="SeleniumLibrary">
<doc>Waits until the element ``locator`` is not visible.</doc>
<arguments>
<arg>//a[.='${COLLECTION_NAME}']</arg>
</arguments>
<status status="PASS" starttime="20200304 15:37:28.747" endtime="20200304 15:37:30.457"></status>
</kw>
<status status="PASS" starttime="20200304 15:37:28.435" endtime="20200304 15:37:30.458"></status>
</kw>
<status status="PASS" starttime="20200304 15:37:28.434" endtime="20200304 15:37:30.458" critical="yes"></status>
</test>
<test id="s1-s2-s4-s1-t10" name="Log Out">
<kw name="Log out current User" library="Generic_Commands">
<kw name="Ensure that element is visible" library="Validations">
<arguments>
<arg>//div[@role='listbox']</arg>
</arguments>
<kw name="Wait Until Element Is Visible" library="SeleniumLibrary">
<doc>Waits until the element ``locator`` is visible.</doc>
<arguments>
<arg>${elementXpathIdentifier}</arg>
</arguments>
<status status="PASS" starttime="20200304 15:37:30.460" endtime="20200304 15:37:30.481"></status>
</kw>
<status status="PASS" starttime="20200304 15:37:30.460" endtime="20200304 15:37:30.481"></status>
</kw>
<kw name="Click Element" library="SeleniumLibrary">
<doc>Click the element identified by ``locator``.</doc>
<arguments>
<arg>//div[@role='listbox']</arg>
</arguments>
<msg timestamp="20200304 15:37:30.482" level="INFO">Clicking element '//div[@role='listbox']'.</msg>
<status status="PASS" starttime="20200304 15:37:30.481" endtime="20200304 15:37:30.527"></status>
</kw>
<kw name="Ensure that element is visible" library="Validations">
<arguments>
<arg>//div[@role='listbox']//div[@role='option']//span[contains(.,'Log Out')]</arg>
</arguments>
<kw name="Wait Until Element Is Visible" library="SeleniumLibrary">
<doc>Waits until the element ``locator`` is visible.</doc>
<arguments>
<arg>${elementXpathIdentifier}</arg>
</arguments>
<status status="PASS" starttime="20200304 15:37:30.527" endtime="20200304 15:37:30.547"></status>
</kw>
<status status="PASS" starttime="20200304 15:37:30.527" endtime="20200304 15:37:30.547"></status>
</kw>
<kw name="Click Element" library="SeleniumLibrary">
<doc>Click the element identified by ``locator``.</doc>
<arguments>
<arg>//div[@role='listbox']//div[@role='option']//span[contains(.,'Log Out')]</arg>
</arguments>
<msg timestamp="20200304 15:37:30.548" level="INFO">Clicking element '//div[@role='listbox']//div[@role='option']//span[contains(.,'Log Out')]'.</msg>
<status status="PASS" starttime="20200304 15:37:30.548" endtime="20200304 15:37:30.590"></status>
</kw>
<kw name="Wait for Ajax" library="Generic_Commands">
<kw name="Execute Javascript" library="SeleniumLibrary">
<doc>Executes the given JavaScript code with possible arguments.</doc>
<arguments>
<arg>"return jQuery.active == 0"</arg>
</arguments>
<msg timestamp="20200304 15:37:30.591" level="INFO">Executing JavaScript:
"return jQuery.active == 0"
Without any arguments.</msg>
<status status="PASS" starttime="20200304 15:37:30.591" endtime="20200304 15:37:30.595"></status>
</kw>
<kw name="Sleep" library="BuiltIn">
<doc>Pauses the test executed for the given time.</doc>
<arguments>
<arg>0.5</arg>
</arguments>
<msg timestamp="20200304 15:37:31.096" level="INFO">Slept 500 milliseconds</msg>
<status status="PASS" starttime="20200304 15:37:30.595" endtime="20200304 15:37:31.096"></status>
</kw>
<status status="PASS" starttime="20200304 15:37:30.590" endtime="20200304 15:37:31.096"></status>
</kw>
<kw name="Pixyle Automatic Tagging landing page" library="Validations">
<kw name="Ensure that element is visible" library="Validations">
<arguments>
<arg>//p[.='Welcome to Pixyle.ai - Automatic Tagging']</arg>
</arguments>
<kw name="Wait Until Element Is Visible" library="SeleniumLibrary">
<doc>Waits until the element ``locator`` is visible.</doc>
<arguments>
<arg>${elementXpathIdentifier}</arg>
</arguments>
<status status="PASS" starttime="20200304 15:37:31.097" endtime="20200304 15:37:31.376"></status>
</kw>
<status status="PASS" starttime="20200304 15:37:31.096" endtime="20200304 15:37:31.376"></status>
</kw>
<kw name="Ensure that element is visible" library="Validations">
<arguments>
<arg>//label[@for='username'][.='Username']</arg>
</arguments>
<kw name="Wait Until Element Is Visible" library="SeleniumLibrary">
<doc>Waits until the element ``locator`` is visible.</doc>
<arguments>
<arg>${elementXpathIdentifier}</arg>
</arguments>
<status status="PASS" starttime="20200304 15:37:31.377" endtime="20200304 15:37:31.395"></status>
</kw>
<status status="PASS" starttime="20200304 15:37:31.376" endtime="20200304 15:37:31.396"></status>
</kw>
<kw name="Ensure that element is visible" library="Validations">
<arguments>
<arg>//label[@for='username']/..//input</arg>
</arguments>
<kw name="Wait Until Element Is Visible" library="SeleniumLibrary">
<doc>Waits until the element ``locator`` is visible.</doc>
<arguments>
<arg>${elementXpathIdentifier}</arg>
</arguments>
<status status="PASS" starttime="20200304 15:37:31.396" endtime="20200304 15:37:31.416"></status>
</kw>
<status status="PASS" starttime="20200304 15:37:31.396" endtime="20200304 15:37:31.416"></status>
</kw>
<kw name="Ensure that element is visible" library="Validations">
<arguments>
<arg>//label[@for='password'][.='Password']</arg>
</arguments>
<kw name="Wait Until Element Is Visible" library="SeleniumLibrary">
<doc>Waits until the element ``locator`` is visible.</doc>
<arguments>
<arg>${elementXpathIdentifier}</arg>
</arguments>
<status status="PASS" starttime="20200304 15:37:31.417" endtime="20200304 15:37:31.437"></status>
</kw>
<status status="PASS" starttime="20200304 15:37:31.416" endtime="20200304 15:37:31.437"></status>
</kw>
<kw name="Ensure that element is visible" library="Validations">
<arguments>
<arg>//label[@for='password']/..//input</arg>
</arguments>
<kw name="Wait Until Element Is Visible" library="SeleniumLibrary">
<doc>Waits until the element ``locator`` is visible.</doc>
<arguments>
<arg>${elementXpathIdentifier}</arg>
</arguments>
<status status="PASS" starttime="20200304 15:37:31.437" endtime="20200304 15:37:31.457"></status>
</kw>
<status status="PASS" starttime="20200304 15:37:31.437" endtime="20200304 15:37:31.458"></status>
</kw>
<kw name="Ensure that element is visible" library="Validations">
<arguments>
<arg>//button[@type='button'][.='Log me in']</arg>
</arguments>
<kw name="Wait Until Element Is Visible" library="SeleniumLibrary">
<doc>Waits until the element ``locator`` is visible.</doc>
<arguments>
<arg>${elementXpathIdentifier}</arg>
</arguments>
<status status="PASS" starttime="20200304 15:37:31.458" endtime="20200304 15:37:31.478"></status>
</kw>
<status status="PASS" starttime="20200304 15:37:31.458" endtime="20200304 15:37:31.478"></status>
</kw>
<status status="PASS" starttime="20200304 15:37:31.096" endtime="20200304 15:37:31.478"></status>
</kw>
<status status="PASS" starttime="20200304 15:37:30.460" endtime="20200304 15:37:31.478"></status>
</kw>
<kw name="Close all open browsers and clear cookies" library="Generic_Commands" type="teardown">
<kw name="Delete All Cookies" library="SeleniumLibrary">
<doc>Deletes all cookies.</doc>
<status status="PASS" starttime="20200304 15:37:31.479" endtime="20200304 15:37:31.485"></status>
</kw>
<kw name="Close All Browsers" library="SeleniumLibrary">
<doc>Closes all open browsers and resets the browser cache.</doc>
<status status="PASS" starttime="20200304 15:37:31.485" endtime="20200304 15:37:34.871"></status>
</kw>
<status status="PASS" starttime="20200304 15:37:31.479" endtime="20200304 15:37:34.871"></status>
</kw>
<status status="PASS" starttime="20200304 15:37:30.459" endtime="20200304 15:37:34.872" critical="yes"></status>
</test>
<status status="FAIL" starttime="20200304 15:35:28.160" endtime="20200304 15:37:34.874"></status>
</suite>
<status status="FAIL" starttime="20200304 15:35:28.157" endtime="20200304 15:37:34.880"></status>
</suite>
<status status="FAIL" starttime="20200304 15:30:52.890" endtime="20200304 15:37:34.888"></status>
</suite>
<status status="FAIL" starttime="20200304 15:30:03.047" endtime="20200304 15:37:34.902"></status>
</suite>
<statistics>
<total>
<stat pass="57" fail="6">Critical Tests</stat>
<stat pass="57" fail="6">All Tests</stat>
</total>
<tag>
<stat pass="1" fail="0">Account</stat>
<stat pass="1" fail="0">Authentication</stat>
<stat pass="4" fail="0">Collection</stat>
<stat pass="1" fail="0">Jackets</stat>
<stat pass="1" fail="0">Jeans</stat>
<stat pass="1" fail="0">SweatPants</stat>
<stat pass="1" fail="0">T-shirts</stat>
</tag>
<suite>
<stat pass="57" fail="6" id="s1" name="Autobots">Autobots</stat>
<stat pass="28" fail="0" id="s1-s1" name="Authentication">Autobots.Authentication</stat>
<stat pass="16" fail="0" id="s1-s1-s1" name="Account Settings">Autobots.Authentication.Account Settings</stat>
<stat pass="12" fail="0" id="s1-s1-s2" name="Authentication">Autobots.Authentication.Authentication</stat>
<stat pass="29" fail="6" id="s1-s2" name="QA collection">Autobots.QA collection</stat>
<stat pass="5" fail="3" id="s1-s2-s1" name="Jackets">Autobots.QA collection.Jackets</stat>
<stat pass="5" fail="3" id="s1-s2-s1-s1" name="Jackets card">Autobots.QA collection.Jackets.Jackets card</stat>
<stat pass="8" fail="1" id="s1-s2-s2" name="Jeans">Autobots.QA collection.Jeans</stat>
<stat pass="8" fail="1" id="s1-s2-s2-s1" name="Jeans card">Autobots.QA collection.Jeans.Jeans card</stat>
<stat pass="7" fail="1" id="s1-s2-s3" name="Sweat Pants">Autobots.QA collection.Sweat Pants</stat>
<stat pass="7" fail="1" id="s1-s2-s3-s1" name="SweatPants card">Autobots.QA collection.Sweat Pants.SweatPants card</stat>
<stat pass="9" fail="1" id="s1-s2-s4" name="T Shirts">Autobots.QA collection.T Shirts</stat>
<stat pass="9" fail="1" id="s1-s2-s4-s1" name="TShirts card">Autobots.QA collection.T Shirts.TShirts card</stat>
</suite>
</statistics>
<errors>
</errors>
</robot>
